<testsuites id="" name="" tests="2" failures="0" skipped="0" errors="0" time="21.736891">
<testsuite name="compare-react-angular.spec.js" timestamp="2025-09-25T13:49:14.599Z" hostname="chromium" tests="2" failures="0" skipped="0" time="18.824" errors="0">
<testcase name="React vs Angular Layout Comparison › Capture React app screenshots for comparison" classname="compare-react-angular.spec.js" time="8.15">
<system-out>
<![CDATA[📱 Capturing React app screenshots...
🏠 React homepage captured
📄 React page title: Liberty Tax • P&L Budget & Forecast — Wizard
🚀 React Quick Start elements found: [33m0[39m
📊 React headings found: [33m4[39m
🔗 React navigation elements found: [33m18[39m
📊 React reports page captured
]]>
</system-out>
</testcase>
<testcase name="React vs Angular Layout Comparison › Capture Angular app screenshots for comparison" classname="compare-react-angular.spec.js" time="10.674">
<system-out>
<![CDATA[⚡ Capturing Angular app screenshots...
🏠 Angular homepage captured
📄 Angular page title: Liberty Tax P&L Tool (v0.4 Preview)
🚀 Angular Quick Start components found: [33m1[39m
📊 Angular headings found: [33m5[39m
📝 Angular first heading: Income Drivers
💰 Angular expenses page captured
💰 Angular expenses URL: http://localhost:4200/wizard/income-drivers
📊 Angular P&L page captured
📈 Angular dashboard captured
]]>
</system-out>
</testcase>
</testsuite>
</testsuites>