<testsuites id="" name="" tests="574" failures="253" skipped="9" errors="0" time="1026.024459">
<testsuite name="app.spec.ts" timestamp="2025-09-21T14:00:33.654Z" hostname="chromium" tests="15" failures="14" skipped="0" time="169.503" errors="0">
<testcase name="Liberty Tax P&amp;L Application › displays the main application interface" classname="app.spec.ts" time="10.284">
<failure message="app.spec.ts:65:3 displays the main application interface" type="FAILURE">
<![CDATA[  [chromium] › app.spec.ts:65:3 › Liberty Tax P&L Application › displays the main application interface 

    Error: expect(locator).toBeVisible() failed

    Locator:  locator('text=Quick Inputs')
    Expected: visible
    Received: <element(s) not found>
    Timeout:  5000ms

    Call log:
      - Expect "toBeVisible" with timeout 5000ms
      - waiting for locator('text=Quick Inputs')


      68 |     
      69 |     // Check main sections are present
    > 70 |     await expect(page.locator('text=Quick Inputs')).toBeVisible()
         |                                                     ^
      71 |     await expect(page.locator('text=Dashboard')).toBeVisible()
      72 |     await expect(page.locator('text=Income Drivers')).toBeVisible()
      73 |     await expect(page.locator('text=Expense Percentages')).toBeVisible()
        at D:\Dev\liberty\libertytax-pnl-webapp\test\e2e\app.spec.ts:70:53

    attachment #1: screenshot (image/png) ──────────────────────────────────────────────────────────
    ..\..\test-results\app-Liberty-Tax-P-L-Applic-28f45--main-application-interface-chromium\test-failed-1.png
    ────────────────────────────────────────────────────────────────────────────────────────────────

    attachment #2: video (video/webm) ──────────────────────────────────────────────────────────────
    ..\..\test-results\app-Liberty-Tax-P-L-Applic-28f45--main-application-interface-chromium\video.webm
    ────────────────────────────────────────────────────────────────────────────────────────────────

    Error Context: ..\..\test-results\app-Liberty-Tax-P-L-Applic-28f45--main-application-interface-chromium\error-context.md
]]>
</failure>
<system-out>
<![CDATA[
[[ATTACHMENT|test-results\app-Liberty-Tax-P-L-Applic-28f45--main-application-interface-chromium\test-failed-1.png]]

[[ATTACHMENT|test-results\app-Liberty-Tax-P-L-Applic-28f45--main-application-interface-chromium\video.webm]]

[[ATTACHMENT|test-results\app-Liberty-Tax-P-L-Applic-28f45--main-application-interface-chromium\error-context.md]]
]]>
</system-out>
</testcase>
<testcase name="Liberty Tax P&amp;L Application › has correct initial values" classname="app.spec.ts" time="4.538">
<failure message="app.spec.ts:76:3 has correct initial values" type="FAILURE">
<![CDATA[  [chromium] › app.spec.ts:76:3 › Liberty Tax P&L Application › has correct initial values ─────────

    Error: expect.toHaveValue: Error: strict mode violation: locator('select[aria-label="Region"]') resolved to 2 elements:
        1) <select title="Region" aria-label="Region">…</select> aka locator('div').filter({ hasText: /^USCA$/ }).getByLabel('Region')
        2) <select id="region-select" aria-label="Region" title="Select region">…</select> aka locator('#region-select')

    Call log:
      - Expect "toHaveValue" with timeout 5000ms
      - waiting for locator('select[aria-label="Region"]')


      75 |
      76 |   test('has correct initial values', async ({ page }) => {
    > 77 |     await expect(pnlPage.regionSelect).toHaveValue('US')
         |                                        ^
      78 |     await expect(pnlPage.avgNetFeeInput).toHaveValue('125')
      79 |     await expect(pnlPage.taxPrepReturnsInput).toHaveValue('1600')
      80 |     await expect(pnlPage.taxRushReturnsInput).toHaveValue('0')
        at D:\Dev\liberty\libertytax-pnl-webapp\test\e2e\app.spec.ts:77:40

    attachment #1: screenshot (image/png) ──────────────────────────────────────────────────────────
    ..\..\test-results\app-Liberty-Tax-P-L-Application-has-correct-initial-values-chromium\test-failed-1.png
    ────────────────────────────────────────────────────────────────────────────────────────────────

    attachment #2: video (video/webm) ──────────────────────────────────────────────────────────────
    ..\..\test-results\app-Liberty-Tax-P-L-Application-has-correct-initial-values-chromium\video.webm
    ────────────────────────────────────────────────────────────────────────────────────────────────

    Error Context: ..\..\test-results\app-Liberty-Tax-P-L-Application-has-correct-initial-values-chromium\error-context.md
]]>
</failure>
<system-out>
<![CDATA[
[[ATTACHMENT|test-results\app-Liberty-Tax-P-L-Application-has-correct-initial-values-chromium\test-failed-1.png]]

[[ATTACHMENT|test-results\app-Liberty-Tax-P-L-Application-has-correct-initial-values-chromium\video.webm]]

[[ATTACHMENT|test-results\app-Liberty-Tax-P-L-Application-has-correct-initial-values-chromium\error-context.md]]
]]>
</system-out>
</testcase>
<testcase name="Liberty Tax P&amp;L Application › enables TaxRush input when region is set to Canada" classname="app.spec.ts" time="4.149">
<failure message="app.spec.ts:84:3 enables TaxRush input when region is set to Canada" type="FAILURE">
<![CDATA[  [chromium] › app.spec.ts:84:3 › Liberty Tax P&L Application › enables TaxRush input when region is set to Canada 

    Error: locator.selectOption: Error: strict mode violation: locator('select[aria-label="Region"]') resolved to 2 elements:
        1) <select title="Region" aria-label="Region">…</select> aka locator('div').filter({ hasText: /^USCA$/ }).getByLabel('Region')
        2) <select id="region-select" aria-label="Region" title="Select region">…</select> aka locator('#region-select')

    Call log:
      - waiting for locator('select[aria-label="Region"]')


      19 |   // Actions
      20 |   async selectRegion(region: 'US' | 'CA') {
    > 21 |     await this.regionSelect.selectOption(region)
         |                             ^
      22 |   }
      23 |
      24 |   async setAvgNetFee(value: number) {
        at PnLPage.selectRegion (D:\Dev\liberty\libertytax-pnl-webapp\test\e2e\app.spec.ts:21:29)
        at D:\Dev\liberty\libertytax-pnl-webapp\test\e2e\app.spec.ts:85:19

    attachment #1: screenshot (image/png) ──────────────────────────────────────────────────────────
    ..\..\test-results\app-Liberty-Tax-P-L-Applic-a7d90-hen-region-is-set-to-Canada-chromium\test-failed-1.png
    ────────────────────────────────────────────────────────────────────────────────────────────────

    attachment #2: video (video/webm) ──────────────────────────────────────────────────────────────
    ..\..\test-results\app-Liberty-Tax-P-L-Applic-a7d90-hen-region-is-set-to-Canada-chromium\video.webm
    ────────────────────────────────────────────────────────────────────────────────────────────────

    Error Context: ..\..\test-results\app-Liberty-Tax-P-L-Applic-a7d90-hen-region-is-set-to-Canada-chromium\error-context.md
]]>
</failure>
<system-out>
<![CDATA[
[[ATTACHMENT|test-results\app-Liberty-Tax-P-L-Applic-a7d90-hen-region-is-set-to-Canada-chromium\test-failed-1.png]]

[[ATTACHMENT|test-results\app-Liberty-Tax-P-L-Applic-a7d90-hen-region-is-set-to-Canada-chromium\video.webm]]

[[ATTACHMENT|test-results\app-Liberty-Tax-P-L-Applic-a7d90-hen-region-is-set-to-Canada-chromium\error-context.md]]
]]>
</system-out>
</testcase>
<testcase name="Liberty Tax P&amp;L Application › disables and resets TaxRush when switching to US" classname="app.spec.ts" time="4.534">
<failure message="app.spec.ts:89:3 disables and resets TaxRush when switching to US" type="FAILURE">
<![CDATA[  [chromium] › app.spec.ts:89:3 › Liberty Tax P&L Application › disables and resets TaxRush when switching to US 

    Error: locator.selectOption: Error: strict mode violation: locator('select[aria-label="Region"]') resolved to 2 elements:
        1) <select title="Region" aria-label="Region">…</select> aka locator('div').filter({ hasText: /^USCA$/ }).getByLabel('Region')
        2) <select id="region-select" aria-label="Region" title="Select region">…</select> aka locator('#region-select')

    Call log:
      - waiting for locator('select[aria-label="Region"]')


      19 |   // Actions
      20 |   async selectRegion(region: 'US' | 'CA') {
    > 21 |     await this.regionSelect.selectOption(region)
         |                             ^
      22 |   }
      23 |
      24 |   async setAvgNetFee(value: number) {
        at PnLPage.selectRegion (D:\Dev\liberty\libertytax-pnl-webapp\test\e2e\app.spec.ts:21:29)
        at D:\Dev\liberty\libertytax-pnl-webapp\test\e2e\app.spec.ts:91:19

    attachment #1: screenshot (image/png) ──────────────────────────────────────────────────────────
    ..\..\test-results\app-Liberty-Tax-P-L-Applic-41f44-axRush-when-switching-to-US-chromium\test-failed-1.png
    ────────────────────────────────────────────────────────────────────────────────────────────────

    attachment #2: video (video/webm) ──────────────────────────────────────────────────────────────
    ..\..\test-results\app-Liberty-Tax-P-L-Applic-41f44-axRush-when-switching-to-US-chromium\video.webm
    ────────────────────────────────────────────────────────────────────────────────────────────────

    Error Context: ..\..\test-results\app-Liberty-Tax-P-L-Applic-41f44-axRush-when-switching-to-US-chromium\error-context.md
]]>
</failure>
<system-out>
<![CDATA[
[[ATTACHMENT|test-results\app-Liberty-Tax-P-L-Applic-41f44-axRush-when-switching-to-US-chromium\test-failed-1.png]]

[[ATTACHMENT|test-results\app-Liberty-Tax-P-L-Applic-41f44-axRush-when-switching-to-US-chromium\video.webm]]

[[ATTACHMENT|test-results\app-Liberty-Tax-P-L-Applic-41f44-axRush-when-switching-to-US-chromium\error-context.md]]
]]>
</system-out>
</testcase>
<testcase name="Liberty Tax P&amp;L Application › updates calculations when inputs change" classname="app.spec.ts" time="31.481">
<failure message="app.spec.ts:101:3 updates calculations when inputs change" type="FAILURE">
<![CDATA[  [chromium] › app.spec.ts:101:3 › Liberty Tax P&L Application › updates calculations when inputs change 

    Test timeout of 30000ms exceeded.

    Error: locator.textContent: Test timeout of 30000ms exceeded.
    Call log:
      - waiting for locator('.kpi:has-text("Net Income") .value')


      101 |   test('updates calculations when inputs change', async ({ page }) => {
      102 |     // Get initial net income
    > 103 |     const initialNetIncome = await pnlPage.netIncomeValue.textContent()
          |                                                           ^
      104 |     
      105 |     // Change average net fee
      106 |     await pnlPage.setAvgNetFee(200)
        at D:\Dev\liberty\libertytax-pnl-webapp\test\e2e\app.spec.ts:103:59

    attachment #1: screenshot (image/png) ──────────────────────────────────────────────────────────
    ..\..\test-results\app-Liberty-Tax-P-L-Applic-bf17e-ulations-when-inputs-change-chromium\test-failed-1.png
    ────────────────────────────────────────────────────────────────────────────────────────────────

    attachment #2: video (video/webm) ──────────────────────────────────────────────────────────────
    ..\..\test-results\app-Liberty-Tax-P-L-Applic-bf17e-ulations-when-inputs-change-chromium\video.webm
    ────────────────────────────────────────────────────────────────────────────────────────────────

    Error Context: ..\..\test-results\app-Liberty-Tax-P-L-Applic-bf17e-ulations-when-inputs-change-chromium\error-context.md
]]>
</failure>
<system-out>
<![CDATA[
[[ATTACHMENT|test-results\app-Liberty-Tax-P-L-Applic-bf17e-ulations-when-inputs-change-chromium\test-failed-1.png]]

[[ATTACHMENT|test-results\app-Liberty-Tax-P-L-Applic-bf17e-ulations-when-inputs-change-chromium\video.webm]]

[[ATTACHMENT|test-results\app-Liberty-Tax-P-L-Applic-bf17e-ulations-when-inputs-change-chromium\error-context.md]]
]]>
</system-out>
</testcase>
<testcase name="Liberty Tax P&amp;L Application › persists data across page reloads" classname="app.spec.ts" time="1.1">
<failure message="app.spec.ts:114:3 persists data across page reloads" type="FAILURE">
<![CDATA[  [chromium] › app.spec.ts:114:3 › Liberty Tax P&L Application › persists data across page reloads ─

    Error: locator.selectOption: Error: strict mode violation: locator('select[aria-label="Region"]') resolved to 2 elements:
        1) <select title="Region" aria-label="Region">…</select> aka locator('div').filter({ hasText: /^USCA$/ }).getByLabel('Region')
        2) <select id="region-select" aria-label="Region" title="Select region">…</select> aka locator('#region-select')

    Call log:
      - waiting for locator('select[aria-label="Region"]')


      19 |   // Actions
      20 |   async selectRegion(region: 'US' | 'CA') {
    > 21 |     await this.regionSelect.selectOption(region)
         |                             ^
      22 |   }
      23 |
      24 |   async setAvgNetFee(value: number) {
        at PnLPage.selectRegion (D:\Dev\liberty\libertytax-pnl-webapp\test\e2e\app.spec.ts:21:29)
        at D:\Dev\liberty\libertytax-pnl-webapp\test\e2e\app.spec.ts:116:19

    attachment #1: screenshot (image/png) ──────────────────────────────────────────────────────────
    ..\..\test-results\app-Liberty-Tax-P-L-Applic-5df4b-ts-data-across-page-reloads-chromium\test-failed-1.png
    ────────────────────────────────────────────────────────────────────────────────────────────────

    attachment #2: video (video/webm) ──────────────────────────────────────────────────────────────
    ..\..\test-results\app-Liberty-Tax-P-L-Applic-5df4b-ts-data-across-page-reloads-chromium\video.webm
    ────────────────────────────────────────────────────────────────────────────────────────────────

    Error Context: ..\..\test-results\app-Liberty-Tax-P-L-Applic-5df4b-ts-data-across-page-reloads-chromium\error-context.md
]]>
</failure>
<system-out>
<![CDATA[
[[ATTACHMENT|test-results\app-Liberty-Tax-P-L-Applic-5df4b-ts-data-across-page-reloads-chromium\test-failed-1.png]]

[[ATTACHMENT|test-results\app-Liberty-Tax-P-L-Applic-5df4b-ts-data-across-page-reloads-chromium\video.webm]]

[[ATTACHMENT|test-results\app-Liberty-Tax-P-L-Applic-5df4b-ts-data-across-page-reloads-chromium\error-context.md]]
]]>
</system-out>
</testcase>
<testcase name="Liberty Tax P&amp;L Application › resets all values when reset button is clicked" classname="app.spec.ts" time="1.082">
<failure message="app.spec.ts:134:3 resets all values when reset button is clicked" type="FAILURE">
<![CDATA[  [chromium] › app.spec.ts:134:3 › Liberty Tax P&L Application › resets all values when reset button is clicked 

    Error: locator.selectOption: Error: strict mode violation: locator('select[aria-label="Region"]') resolved to 2 elements:
        1) <select title="Region" aria-label="Region">…</select> aka locator('div').filter({ hasText: /^USCA$/ }).getByLabel('Region')
        2) <select id="region-select" aria-label="Region" title="Select region">…</select> aka locator('#region-select')

    Call log:
      - waiting for locator('select[aria-label="Region"]')


      19 |   // Actions
      20 |   async selectRegion(region: 'US' | 'CA') {
    > 21 |     await this.regionSelect.selectOption(region)
         |                             ^
      22 |   }
      23 |
      24 |   async setAvgNetFee(value: number) {
        at PnLPage.selectRegion (D:\Dev\liberty\libertytax-pnl-webapp\test\e2e\app.spec.ts:21:29)
        at D:\Dev\liberty\libertytax-pnl-webapp\test\e2e\app.spec.ts:136:19

    attachment #1: screenshot (image/png) ──────────────────────────────────────────────────────────
    ..\..\test-results\app-Liberty-Tax-P-L-Applic-3e526-hen-reset-button-is-clicked-chromium\test-failed-1.png
    ────────────────────────────────────────────────────────────────────────────────────────────────

    attachment #2: video (video/webm) ──────────────────────────────────────────────────────────────
    ..\..\test-results\app-Liberty-Tax-P-L-Applic-3e526-hen-reset-button-is-clicked-chromium\video.webm
    ────────────────────────────────────────────────────────────────────────────────────────────────

    Error Context: ..\..\test-results\app-Liberty-Tax-P-L-Applic-3e526-hen-reset-button-is-clicked-chromium\error-context.md
]]>
</failure>
<system-out>
<![CDATA[
[[ATTACHMENT|test-results\app-Liberty-Tax-P-L-Applic-3e526-hen-reset-button-is-clicked-chromium\test-failed-1.png]]

[[ATTACHMENT|test-results\app-Liberty-Tax-P-L-Applic-3e526-hen-reset-button-is-clicked-chromium\video.webm]]

[[ATTACHMENT|test-results\app-Liberty-Tax-P-L-Applic-3e526-hen-reset-button-is-clicked-chromium\error-context.md]]
]]>
</system-out>
</testcase>
<testcase name="Liberty Tax P&amp;L Application › displays KPI status colors correctly" classname="app.spec.ts" time="6.307">
<failure message="app.spec.ts:150:3 displays KPI status colors correctly" type="FAILURE">
<![CDATA[  [chromium] › app.spec.ts:150:3 › Liberty Tax P&L Application › displays KPI status colors correctly 

    Error: expect(locator).toBeVisible() failed

    Locator:  locator('.kpi:has-text("Net Income")')
    Expected: visible
    Received: <element(s) not found>
    Timeout:  5000ms

    Call log:
      - Expect "toBeVisible" with timeout 5000ms
      - waiting for locator('.kpi:has-text("Net Income")')


      154 |     const costPerReturnKPI = page.locator('.kpi:has-text("Cost / Return")')
      155 |     
    > 156 |     await expect(netIncomeKPI).toBeVisible()
          |                                ^
      157 |     await expect(netMarginKPI).toBeVisible()
      158 |     await expect(costPerReturnKPI).toBeVisible()
      159 |     
        at D:\Dev\liberty\libertytax-pnl-webapp\test\e2e\app.spec.ts:156:32

    attachment #1: screenshot (image/png) ──────────────────────────────────────────────────────────
    ..\..\test-results\app-Liberty-Tax-P-L-Applic-a0fcb-KPI-status-colors-correctly-chromium\test-failed-1.png
    ────────────────────────────────────────────────────────────────────────────────────────────────

    attachment #2: video (video/webm) ──────────────────────────────────────────────────────────────
    ..\..\test-results\app-Liberty-Tax-P-L-Applic-a0fcb-KPI-status-colors-correctly-chromium\video.webm
    ────────────────────────────────────────────────────────────────────────────────────────────────

    Error Context: ..\..\test-results\app-Liberty-Tax-P-L-Applic-a0fcb-KPI-status-colors-correctly-chromium\error-context.md
]]>
</failure>
<system-out>
<![CDATA[
[[ATTACHMENT|test-results\app-Liberty-Tax-P-L-Applic-a0fcb-KPI-status-colors-correctly-chromium\test-failed-1.png]]

[[ATTACHMENT|test-results\app-Liberty-Tax-P-L-Applic-a0fcb-KPI-status-colors-correctly-chromium\video.webm]]

[[ATTACHMENT|test-results\app-Liberty-Tax-P-L-Applic-a0fcb-KPI-status-colors-correctly-chromium\error-context.md]]
]]>
</system-out>
</testcase>
<testcase name="Liberty Tax P&amp;L Application › shows pro-tips based on KPI status" classname="app.spec.ts" time="6.355">
<failure message="app.spec.ts:170:3 shows pro-tips based on KPI status" type="FAILURE">
<![CDATA[  [chromium] › app.spec.ts:170:3 › Liberty Tax P&L Application › shows pro-tips based on KPI status 

    Error: expect(locator).toBeVisible() failed

    Locator:  locator('.card:has-text("Pro-Tips")')
    Expected: visible
    Received: <element(s) not found>
    Timeout:  5000ms

    Call log:
      - Expect "toBeVisible" with timeout 5000ms
      - waiting for locator('.card:has-text("Pro-Tips")')


      174 |     // There should be some tips shown (content depends on current KPI status)
      175 |     const proTipsSection = page.locator('.card:has-text("Pro-Tips")')
    > 176 |     await expect(proTipsSection).toBeVisible()
          |                                  ^
      177 |   })
      178 |
      179 |   test('handles edge case of zero returns', async ({ page }) => {
        at D:\Dev\liberty\libertytax-pnl-webapp\test\e2e\app.spec.ts:176:34

    attachment #1: screenshot (image/png) ──────────────────────────────────────────────────────────
    ..\..\test-results\app-Liberty-Tax-P-L-Applic-79a77-ro-tips-based-on-KPI-status-chromium\test-failed-1.png
    ────────────────────────────────────────────────────────────────────────────────────────────────

    attachment #2: video (video/webm) ──────────────────────────────────────────────────────────────
    ..\..\test-results\app-Liberty-Tax-P-L-Applic-79a77-ro-tips-based-on-KPI-status-chromium\video.webm
    ────────────────────────────────────────────────────────────────────────────────────────────────

    Error Context: ..\..\test-results\app-Liberty-Tax-P-L-Applic-79a77-ro-tips-based-on-KPI-status-chromium\error-context.md
]]>
</failure>
<system-out>
<![CDATA[
[[ATTACHMENT|test-results\app-Liberty-Tax-P-L-Applic-79a77-ro-tips-based-on-KPI-status-chromium\test-failed-1.png]]

[[ATTACHMENT|test-results\app-Liberty-Tax-P-L-Applic-79a77-ro-tips-based-on-KPI-status-chromium\video.webm]]

[[ATTACHMENT|test-results\app-Liberty-Tax-P-L-Applic-79a77-ro-tips-based-on-KPI-status-chromium\error-context.md]]
]]>
</system-out>
</testcase>
<testcase name="Liberty Tax P&amp;L Application › handles edge case of zero returns" classname="app.spec.ts" time="31.882">
<failure message="app.spec.ts:179:3 handles edge case of zero returns" type="FAILURE">
<![CDATA[  [chromium] › app.spec.ts:179:3 › Liberty Tax P&L Application › handles edge case of zero returns ─

    Test timeout of 30000ms exceeded.

    Error: locator.fill: Test timeout of 30000ms exceeded.
    Call log:
      - waiting for locator('label:has-text("Tax Prep Returns") + input')
        - locator resolved to <input id="ret-lbl" value="1600" aria-label="Tax Prep Returns"/>
        - fill("0")
      - attempting fill action
        2 × waiting for element to be visible, enabled and editable
          - element is not visible
        - retrying fill action
        - waiting 20ms
        2 × waiting for element to be visible, enabled and editable
          - element is not visible
        - retrying fill action
          - waiting 100ms
        58 × waiting for element to be visible, enabled and editable
           - element is not visible
         - retrying fill action
           - waiting 500ms


      28 |
      29 |   async setTaxPrepReturns(value: number) {
    > 30 |     await this.taxPrepReturnsInput.fill(value.toString())
         |                                    ^
      31 |     await this.taxPrepReturnsInput.blur()
      32 |   }
      33 |
        at PnLPage.setTaxPrepReturns (D:\Dev\liberty\libertytax-pnl-webapp\test\e2e\app.spec.ts:30:36)
        at D:\Dev\liberty\libertytax-pnl-webapp\test\e2e\app.spec.ts:180:19

    attachment #1: screenshot (image/png) ──────────────────────────────────────────────────────────
    ..\..\test-results\app-Liberty-Tax-P-L-Applic-c5652-s-edge-case-of-zero-returns-chromium\test-failed-1.png
    ────────────────────────────────────────────────────────────────────────────────────────────────

    attachment #2: video (video/webm) ──────────────────────────────────────────────────────────────
    ..\..\test-results\app-Liberty-Tax-P-L-Applic-c5652-s-edge-case-of-zero-returns-chromium\video.webm
    ────────────────────────────────────────────────────────────────────────────────────────────────

    Error Context: ..\..\test-results\app-Liberty-Tax-P-L-Applic-c5652-s-edge-case-of-zero-returns-chromium\error-context.md
]]>
</failure>
<system-out>
<![CDATA[
[[ATTACHMENT|test-results\app-Liberty-Tax-P-L-Applic-c5652-s-edge-case-of-zero-returns-chromium\test-failed-1.png]]

[[ATTACHMENT|test-results\app-Liberty-Tax-P-L-Applic-c5652-s-edge-case-of-zero-returns-chromium\video.webm]]

[[ATTACHMENT|test-results\app-Liberty-Tax-P-L-Applic-c5652-s-edge-case-of-zero-returns-chromium\error-context.md]]
]]>
</system-out>
</testcase>
<testcase name="Liberty Tax P&amp;L Application › handles very large input values" classname="app.spec.ts" time="32.142">
<failure message="app.spec.ts:189:3 handles very large input values" type="FAILURE">
<![CDATA[  [chromium] › app.spec.ts:189:3 › Liberty Tax P&L Application › handles very large input values ───

    Test timeout of 30000ms exceeded.

    Error: locator.fill: Test timeout of 30000ms exceeded.
    Call log:
      - waiting for locator('input[type="number"]').first()


      23 |
      24 |   async setAvgNetFee(value: number) {
    > 25 |     await this.avgNetFeeInput.fill(value.toString())
         |                               ^
      26 |     await this.avgNetFeeInput.blur()
      27 |   }
      28 |
        at PnLPage.setAvgNetFee (D:\Dev\liberty\libertytax-pnl-webapp\test\e2e\app.spec.ts:25:31)
        at D:\Dev\liberty\libertytax-pnl-webapp\test\e2e\app.spec.ts:190:19

    attachment #1: screenshot (image/png) ──────────────────────────────────────────────────────────
    ..\..\test-results\app-Liberty-Tax-P-L-Applic-4d9a5-les-very-large-input-values-chromium\test-failed-1.png
    ────────────────────────────────────────────────────────────────────────────────────────────────

    attachment #2: video (video/webm) ──────────────────────────────────────────────────────────────
    ..\..\test-results\app-Liberty-Tax-P-L-Applic-4d9a5-les-very-large-input-values-chromium\video.webm
    ────────────────────────────────────────────────────────────────────────────────────────────────

    Error Context: ..\..\test-results\app-Liberty-Tax-P-L-Applic-4d9a5-les-very-large-input-values-chromium\error-context.md
]]>
</failure>
<system-out>
<![CDATA[
[[ATTACHMENT|test-results\app-Liberty-Tax-P-L-Applic-4d9a5-les-very-large-input-values-chromium\test-failed-1.png]]

[[ATTACHMENT|test-results\app-Liberty-Tax-P-L-Applic-4d9a5-les-very-large-input-values-chromium\video.webm]]

[[ATTACHMENT|test-results\app-Liberty-Tax-P-L-Applic-4d9a5-les-very-large-input-values-chromium\error-context.md]]
]]>
</system-out>
</testcase>
<testcase name="Liberty Tax P&amp;L Application › maintains TaxRush stickiness in Canada" classname="app.spec.ts" time="0.856">
<failure message="app.spec.ts:202:3 maintains TaxRush stickiness in Canada" type="FAILURE">
<![CDATA[  [chromium] › app.spec.ts:202:3 › Liberty Tax P&L Application › maintains TaxRush stickiness in Canada 

    Error: locator.selectOption: Error: strict mode violation: locator('select[aria-label="Region"]') resolved to 2 elements:
        1) <select title="Region" aria-label="Region">…</select> aka locator('div').filter({ hasText: /^USCA$/ }).getByLabel('Region')
        2) <select id="region-select" aria-label="Region" title="Select region">…</select> aka locator('#region-select')

    Call log:
      - waiting for locator('select[aria-label="Region"]')


      19 |   // Actions
      20 |   async selectRegion(region: 'US' | 'CA') {
    > 21 |     await this.regionSelect.selectOption(region)
         |                             ^
      22 |   }
      23 |
      24 |   async setAvgNetFee(value: number) {
        at PnLPage.selectRegion (D:\Dev\liberty\libertytax-pnl-webapp\test\e2e\app.spec.ts:21:29)
        at D:\Dev\liberty\libertytax-pnl-webapp\test\e2e\app.spec.ts:204:19

    attachment #1: screenshot (image/png) ──────────────────────────────────────────────────────────
    ..\..\test-results\app-Liberty-Tax-P-L-Applic-3048b-axRush-stickiness-in-Canada-chromium\test-failed-1.png
    ────────────────────────────────────────────────────────────────────────────────────────────────

    attachment #2: video (video/webm) ──────────────────────────────────────────────────────────────
    ..\..\test-results\app-Liberty-Tax-P-L-Applic-3048b-axRush-stickiness-in-Canada-chromium\video.webm
    ────────────────────────────────────────────────────────────────────────────────────────────────

    Error Context: ..\..\test-results\app-Liberty-Tax-P-L-Applic-3048b-axRush-stickiness-in-Canada-chromium\error-context.md
]]>
</failure>
<system-out>
<![CDATA[
[[ATTACHMENT|test-results\app-Liberty-Tax-P-L-Applic-3048b-axRush-stickiness-in-Canada-chromium\test-failed-1.png]]

[[ATTACHMENT|test-results\app-Liberty-Tax-P-L-Applic-3048b-axRush-stickiness-in-Canada-chromium\video.webm]]

[[ATTACHMENT|test-results\app-Liberty-Tax-P-L-Applic-3048b-axRush-stickiness-in-Canada-chromium\error-context.md]]
]]>
</system-out>
</testcase>
<testcase name="Liberty Tax P&amp;L Application › keyboard navigation works correctly" classname="app.spec.ts" time="0.738">
<failure message="app.spec.ts:212:3 keyboard navigation works correctly" type="FAILURE">
<![CDATA[  [chromium] › app.spec.ts:212:3 › Liberty Tax P&L Application › keyboard navigation works correctly 

    Error: expect.toBeFocused: Error: strict mode violation: locator('select[aria-label="Region"]') resolved to 2 elements:
        1) <select title="Region" aria-label="Region">…</select> aka locator('div').filter({ hasText: /^USCA$/ }).getByLabel('Region')
        2) <select id="region-select" aria-label="Region" title="Select region">…</select> aka locator('#region-select')

    Call log:
      - Expect "toBeFocused" with timeout 5000ms
      - waiting for locator('select[aria-label="Region"]')


      213 |     // Test tab navigation through inputs
      214 |     await page.keyboard.press('Tab')
    > 215 |     await expect(pnlPage.regionSelect).toBeFocused()
          |                                        ^
      216 |     
      217 |     // Continue tabbing to inputs
      218 |     await page.keyboard.press('Tab')
        at D:\Dev\liberty\libertytax-pnl-webapp\test\e2e\app.spec.ts:215:40

    attachment #1: screenshot (image/png) ──────────────────────────────────────────────────────────
    ..\..\test-results\app-Liberty-Tax-P-L-Applic-e3e28--navigation-works-correctly-chromium\test-failed-1.png
    ────────────────────────────────────────────────────────────────────────────────────────────────

    attachment #2: video (video/webm) ──────────────────────────────────────────────────────────────
    ..\..\test-results\app-Liberty-Tax-P-L-Applic-e3e28--navigation-works-correctly-chromium\video.webm
    ────────────────────────────────────────────────────────────────────────────────────────────────

    Error Context: ..\..\test-results\app-Liberty-Tax-P-L-Applic-e3e28--navigation-works-correctly-chromium\error-context.md
]]>
</failure>
<system-out>
<![CDATA[
[[ATTACHMENT|test-results\app-Liberty-Tax-P-L-Applic-e3e28--navigation-works-correctly-chromium\test-failed-1.png]]

[[ATTACHMENT|test-results\app-Liberty-Tax-P-L-Applic-e3e28--navigation-works-correctly-chromium\video.webm]]

[[ATTACHMENT|test-results\app-Liberty-Tax-P-L-Applic-e3e28--navigation-works-correctly-chromium\error-context.md]]
]]>
</system-out>
</testcase>
<testcase name="Performance &amp; Responsiveness › loads within acceptable time" classname="app.spec.ts" time="0.709">
</testcase>
<testcase name="Performance &amp; Responsiveness › calculations are performant" classname="app.spec.ts" time="33.346">
<failure message="app.spec.ts:234:3 calculations are performant" type="FAILURE">
<![CDATA[  [chromium] › app.spec.ts:234:3 › Performance & Responsiveness › calculations are performant ──────

    Test timeout of 30000ms exceeded.

    Error: locator.fill: Test timeout of 30000ms exceeded.
    Call log:
      - waiting for locator('input[type="number"]').first()


      23 |
      24 |   async setAvgNetFee(value: number) {
    > 25 |     await this.avgNetFeeInput.fill(value.toString())
         |                               ^
      26 |     await this.avgNetFeeInput.blur()
      27 |   }
      28 |
        at PnLPage.setAvgNetFee (D:\Dev\liberty\libertytax-pnl-webapp\test\e2e\app.spec.ts:25:31)
        at D:\Dev\liberty\libertytax-pnl-webapp\test\e2e\app.spec.ts:242:21

    attachment #1: screenshot (image/png) ──────────────────────────────────────────────────────────
    ..\..\test-results\app-Performance-Responsiveness-calculations-are-performant-chromium\test-failed-1.png
    ────────────────────────────────────────────────────────────────────────────────────────────────

    attachment #2: video (video/webm) ──────────────────────────────────────────────────────────────
    ..\..\test-results\app-Performance-Responsiveness-calculations-are-performant-chromium\video.webm
    ────────────────────────────────────────────────────────────────────────────────────────────────

    Error Context: ..\..\test-results\app-Performance-Responsiveness-calculations-are-performant-chromium\error-context.md
]]>
</failure>
<system-out>
<![CDATA[
[[ATTACHMENT|test-results\app-Performance-Responsiveness-calculations-are-performant-chromium\test-failed-1.png]]

[[ATTACHMENT|test-results\app-Performance-Responsiveness-calculations-are-performant-chromium\video.webm]]

[[ATTACHMENT|test-results\app-Performance-Responsiveness-calculations-are-performant-chromium\error-context.md]]
]]>
</system-out>
</testcase>
</testsuite>
<testsuite name="basic-functionality.spec.js" timestamp="2025-09-21T14:00:33.654Z" hostname="chromium" tests="6" failures="3" skipped="1" time="11.114" errors="0">
<testcase name="Liberty Tax P&amp;L Webapp - Basic Functionality › homepage loads successfully" classname="basic-functionality.spec.js" time="0.877">
<failure message="basic-functionality.spec.js:9:3 homepage loads successfully" type="FAILURE">
<![CDATA[  [chromium] › basic-functionality.spec.js:9:3 › Liberty Tax P&L Webapp - Basic Functionality › homepage loads successfully 

    Error: expect(received).toBeTruthy()

    Received: false

      16 |     // Look for key elements that should be present
      17 |     const hasMainContent = await page.locator('main, #root, .app, [class*="app"]').first().isVisible();
    > 18 |     expect(hasMainContent).toBeTruthy();
         |                            ^
      19 |   });
      20 |
      21 |   test('wizard can be opened', async ({ page }) => {
        at D:\Dev\liberty\libertytax-pnl-webapp\test\e2e\basic-functionality.spec.js:18:28

    attachment #1: screenshot (image/png) ──────────────────────────────────────────────────────────
    ..\..\test-results\basic-functionality-Libert-1309d-homepage-loads-successfully-chromium\test-failed-1.png
    ────────────────────────────────────────────────────────────────────────────────────────────────

    attachment #2: video (video/webm) ──────────────────────────────────────────────────────────────
    ..\..\test-results\basic-functionality-Libert-1309d-homepage-loads-successfully-chromium\video.webm
    ────────────────────────────────────────────────────────────────────────────────────────────────

    Error Context: ..\..\test-results\basic-functionality-Libert-1309d-homepage-loads-successfully-chromium\error-context.md
]]>
</failure>
<system-out>
<![CDATA[
[[ATTACHMENT|test-results\basic-functionality-Libert-1309d-homepage-loads-successfully-chromium\test-failed-1.png]]

[[ATTACHMENT|test-results\basic-functionality-Libert-1309d-homepage-loads-successfully-chromium\video.webm]]

[[ATTACHMENT|test-results\basic-functionality-Libert-1309d-homepage-loads-successfully-chromium\error-context.md]]
]]>
</system-out>
</testcase>
<testcase name="Liberty Tax P&amp;L Webapp - Basic Functionality › wizard can be opened" classname="basic-functionality.spec.js" time="6.224">
<failure message="basic-functionality.spec.js:21:3 wizard can be opened" type="FAILURE">
<![CDATA[  [chromium] › basic-functionality.spec.js:21:3 › Liberty Tax P&L Webapp - Basic Functionality › wizard can be opened 

    Error: expect(locator).toBeVisible() failed

    Locator:  locator('h1, h2, h3, [class*="wizard"], [id*="wizard"]').filter({ hasText: /welcome|region|store|step/i }).first()
    Expected: visible
    Received: <element(s) not found>
    Timeout:  5000ms

    Call log:
      - Expect "toBeVisible" with timeout 5000ms
      - waiting for locator('h1, h2, h3, [class*="wizard"], [id*="wizard"]').filter({ hasText: /welcome|region|store|step/i }).first()


      33 |       });
      34 |       
    > 35 |       await expect(wizardContent.first()).toBeVisible({ timeout: 5000 });
         |                                           ^
      36 |     } else {
      37 |       test.skip('Start wizard button not found - may be different implementation');
      38 |     }
        at D:\Dev\liberty\libertytax-pnl-webapp\test\e2e\basic-functionality.spec.js:35:43

    attachment #1: screenshot (image/png) ──────────────────────────────────────────────────────────
    ..\..\test-results\basic-functionality-Libert-6a31a-nality-wizard-can-be-opened-chromium\test-failed-1.png
    ────────────────────────────────────────────────────────────────────────────────────────────────

    attachment #2: video (video/webm) ──────────────────────────────────────────────────────────────
    ..\..\test-results\basic-functionality-Libert-6a31a-nality-wizard-can-be-opened-chromium\video.webm
    ────────────────────────────────────────────────────────────────────────────────────────────────

    Error Context: ..\..\test-results\basic-functionality-Libert-6a31a-nality-wizard-can-be-opened-chromium\error-context.md
]]>
</failure>
<system-out>
<![CDATA[
[[ATTACHMENT|test-results\basic-functionality-Libert-6a31a-nality-wizard-can-be-opened-chromium\test-failed-1.png]]

[[ATTACHMENT|test-results\basic-functionality-Libert-6a31a-nality-wizard-can-be-opened-chromium\video.webm]]

[[ATTACHMENT|test-results\basic-functionality-Libert-6a31a-nality-wizard-can-be-opened-chromium\error-context.md]]
]]>
</system-out>
</testcase>
<testcase name="Liberty Tax P&amp;L Webapp - Basic Functionality › debug panel can be accessed" classname="basic-functionality.spec.js" time="0.65">
<properties>
<property name="skip" value="">
</property>
</properties>
<skipped>
</skipped>
</testcase>
<testcase name="Liberty Tax P&amp;L Webapp - Basic Functionality › no JavaScript errors on page load" classname="basic-functionality.spec.js" time="1.12">
</testcase>
<testcase name="Liberty Tax P&amp;L Webapp - Basic Functionality › responsive design - no horizontal scroll" classname="basic-functionality.spec.js" time="1.245">
<failure message="basic-functionality.spec.js:71:3 responsive design - no horizontal scroll" type="FAILURE">
<![CDATA[  [chromium] › basic-functionality.spec.js:71:3 › Liberty Tax P&L Webapp - Basic Functionality › responsive design - no horizontal scroll 

    Error: expect(received).toBeLessThanOrEqual(expected)

    Expected: <= 380
    Received:    565

      87 |       
      88 |       // Allow small tolerance (5px) for rounding
    > 89 |       expect(bodyWidth).toBeLessThanOrEqual(viewportWidth + 5);
         |                         ^
      90 |     }
      91 |   });
      92 |
        at D:\Dev\liberty\libertytax-pnl-webapp\test\e2e\basic-functionality.spec.js:89:25

    attachment #1: screenshot (image/png) ──────────────────────────────────────────────────────────
    ..\..\test-results\basic-functionality-Libert-65b29-sign---no-horizontal-scroll-chromium\test-failed-1.png
    ────────────────────────────────────────────────────────────────────────────────────────────────

    attachment #2: video (video/webm) ──────────────────────────────────────────────────────────────
    ..\..\test-results\basic-functionality-Libert-65b29-sign---no-horizontal-scroll-chromium\video.webm
    ────────────────────────────────────────────────────────────────────────────────────────────────

    Error Context: ..\..\test-results\basic-functionality-Libert-65b29-sign---no-horizontal-scroll-chromium\error-context.md
]]>
</failure>
<system-out>
<![CDATA[
[[ATTACHMENT|test-results\basic-functionality-Libert-65b29-sign---no-horizontal-scroll-chromium\test-failed-1.png]]

[[ATTACHMENT|test-results\basic-functionality-Libert-65b29-sign---no-horizontal-scroll-chromium\video.webm]]

[[ATTACHMENT|test-results\basic-functionality-Libert-65b29-sign---no-horizontal-scroll-chromium\error-context.md]]
]]>
</system-out>
</testcase>
<testcase name="Liberty Tax P&amp;L Webapp - Basic Functionality › basic form interactions work" classname="basic-functionality.spec.js" time="0.998">
</testcase>
</testsuite>
<testsuite name="generated\wizardinputs.generated.spec.js" timestamp="2025-09-21T14:00:33.654Z" hostname="chromium" tests="34" failures="0" skipped="0" time="36.093" errors="0">
<testcase name="WizardInputs - Auto-generated Tests › Input Validation › percentage accepts minimum value" classname="generated\wizardinputs.generated.spec.js" time="0.93">
<system-out>
<![CDATA[Testing: percentage accepts minimum value
]]>
</system-out>
</testcase>
<testcase name="WizardInputs - Auto-generated Tests › Input Validation › percentage accepts maximum value" classname="generated\wizardinputs.generated.spec.js" time="0.925">
<system-out>
<![CDATA[Testing: percentage accepts maximum value
]]>
</system-out>
</testcase>
<testcase name="WizardInputs - Auto-generated Tests › Input Validation › percentage rejects below minimum" classname="generated\wizardinputs.generated.spec.js" time="0.775">
<system-out>
<![CDATA[Testing: percentage rejects below minimum
]]>
</system-out>
</testcase>
<testcase name="WizardInputs - Auto-generated Tests › Input Validation › percentage rejects above maximum" classname="generated\wizardinputs.generated.spec.js" time="0.844">
<system-out>
<![CDATA[Testing: percentage rejects above maximum
]]>
</system-out>
</testcase>
<testcase name="WizardInputs - Auto-generated Tests › Input Validation › percentage rejects string input" classname="generated\wizardinputs.generated.spec.js" time="0.882">
<system-out>
<![CDATA[Testing: percentage rejects string input
]]>
</system-out>
</testcase>
<testcase name="WizardInputs - Auto-generated Tests › Input Validation › percentage rejects null input" classname="generated\wizardinputs.generated.spec.js" time="1.02">
<system-out>
<![CDATA[Testing: percentage rejects null input
]]>
</system-out>
</testcase>
<testcase name="WizardInputs - Auto-generated Tests › Input Validation › currency accepts minimum value" classname="generated\wizardinputs.generated.spec.js" time="0.894">
<system-out>
<![CDATA[Testing: currency accepts minimum value
]]>
</system-out>
</testcase>
<testcase name="WizardInputs - Auto-generated Tests › Input Validation › currency accepts maximum value" classname="generated\wizardinputs.generated.spec.js" time="1.014">
<system-out>
<![CDATA[Testing: currency accepts maximum value
]]>
</system-out>
</testcase>
<testcase name="WizardInputs - Auto-generated Tests › Input Validation › currency rejects below minimum" classname="generated\wizardinputs.generated.spec.js" time="0.822">
<system-out>
<![CDATA[Testing: currency rejects below minimum
]]>
</system-out>
</testcase>
<testcase name="WizardInputs - Auto-generated Tests › Input Validation › currency rejects above maximum" classname="generated\wizardinputs.generated.spec.js" time="0.844">
<system-out>
<![CDATA[Testing: currency rejects above maximum
]]>
</system-out>
</testcase>
<testcase name="WizardInputs - Auto-generated Tests › Input Validation › currency rejects string input" classname="generated\wizardinputs.generated.spec.js" time="0.83">
<system-out>
<![CDATA[Testing: currency rejects string input
]]>
</system-out>
</testcase>
<testcase name="WizardInputs - Auto-generated Tests › Input Validation › currency rejects null input" classname="generated\wizardinputs.generated.spec.js" time="0.916">
<system-out>
<![CDATA[Testing: currency rejects null input
]]>
</system-out>
</testcase>
<testcase name="WizardInputs - Auto-generated Tests › Input Validation › returns accepts minimum value" classname="generated\wizardinputs.generated.spec.js" time="0.865">
<system-out>
<![CDATA[Testing: returns accepts minimum value
]]>
</system-out>
</testcase>
<testcase name="WizardInputs - Auto-generated Tests › Input Validation › returns accepts maximum value" classname="generated\wizardinputs.generated.spec.js" time="1.116">
<system-out>
<![CDATA[Testing: returns accepts maximum value
]]>
</system-out>
</testcase>
<testcase name="WizardInputs - Auto-generated Tests › Input Validation › returns rejects below minimum" classname="generated\wizardinputs.generated.spec.js" time="1.054">
<system-out>
<![CDATA[Testing: returns rejects below minimum
]]>
</system-out>
</testcase>
<testcase name="WizardInputs - Auto-generated Tests › Input Validation › returns rejects above maximum" classname="generated\wizardinputs.generated.spec.js" time="1.092">
<system-out>
<![CDATA[Testing: returns rejects above maximum
]]>
</system-out>
</testcase>
<testcase name="WizardInputs - Auto-generated Tests › Input Validation › returns rejects string input" classname="generated\wizardinputs.generated.spec.js" time="1.237">
<system-out>
<![CDATA[Testing: returns rejects string input
]]>
</system-out>
</testcase>
<testcase name="WizardInputs - Auto-generated Tests › Input Validation › returns rejects null input" classname="generated\wizardinputs.generated.spec.js" time="1.198">
<system-out>
<![CDATA[Testing: returns rejects null input
]]>
</system-out>
</testcase>
<testcase name="WizardInputs - Auto-generated Tests › Input Validation › growth accepts minimum value" classname="generated\wizardinputs.generated.spec.js" time="1.258">
<system-out>
<![CDATA[Testing: growth accepts minimum value
]]>
</system-out>
</testcase>
<testcase name="WizardInputs - Auto-generated Tests › Input Validation › growth accepts maximum value" classname="generated\wizardinputs.generated.spec.js" time="1.211">
<system-out>
<![CDATA[Testing: growth accepts maximum value
]]>
</system-out>
</testcase>
<testcase name="WizardInputs - Auto-generated Tests › Input Validation › growth rejects below minimum" classname="generated\wizardinputs.generated.spec.js" time="1.055">
<system-out>
<![CDATA[Testing: growth rejects below minimum
]]>
</system-out>
</testcase>
<testcase name="WizardInputs - Auto-generated Tests › Input Validation › growth rejects above maximum" classname="generated\wizardinputs.generated.spec.js" time="0.836">
<system-out>
<![CDATA[Testing: growth rejects above maximum
]]>
</system-out>
</testcase>
<testcase name="WizardInputs - Auto-generated Tests › Input Validation › growth rejects string input" classname="generated\wizardinputs.generated.spec.js" time="0.89">
<system-out>
<![CDATA[Testing: growth rejects string input
]]>
</system-out>
</testcase>
<testcase name="WizardInputs - Auto-generated Tests › Input Validation › growth rejects null input" classname="generated\wizardinputs.generated.spec.js" time="1.193">
<system-out>
<![CDATA[Testing: growth rejects null input
]]>
</system-out>
</testcase>
<testcase name="WizardInputs - Auto-generated Tests › Accessibility › keyboard navigation works correctly" classname="generated\wizardinputs.generated.spec.js" time="1.04">
<system-out>
<![CDATA[Testing: keyboard navigation works correctly
]]>
</system-out>
</testcase>
<testcase name="WizardInputs - Auto-generated Tests › Accessibility › screen reader announcements are correct" classname="generated\wizardinputs.generated.spec.js" time="1.067">
<system-out>
<![CDATA[Testing: screen reader announcements are correct
]]>
</system-out>
</testcase>
<testcase name="WizardInputs - Auto-generated Tests › Accessibility › error messages are announced" classname="generated\wizardinputs.generated.spec.js" time="1.328">
<system-out>
<![CDATA[Testing: error messages are announced
]]>
</system-out>
</testcase>
<testcase name="WizardInputs - Auto-generated Tests › Accessibility › color contrast meets WCAG standards" classname="generated\wizardinputs.generated.spec.js" time="1.245">
<system-out>
<![CDATA[Testing: color contrast meets WCAG standards
]]>
</system-out>
</testcase>
<testcase name="WizardInputs - Auto-generated Tests › Performance › renders within performance budget" classname="generated\wizardinputs.generated.spec.js" time="1.092">
<system-out>
<![CDATA[Testing: renders within performance budget
]]>
</system-out>
</testcase>
<testcase name="WizardInputs - Auto-generated Tests › Performance › handles rapid input changes efficiently" classname="generated\wizardinputs.generated.spec.js" time="0.95">
<system-out>
<![CDATA[Testing: handles rapid input changes efficiently
]]>
</system-out>
</testcase>
<testcase name="WizardInputs - Auto-generated Tests › Performance › calculation updates are debounced" classname="generated\wizardinputs.generated.spec.js" time="1.196">
<system-out>
<![CDATA[Testing: calculation updates are debounced
]]>
</system-out>
</testcase>
<testcase name="WizardInputs - Auto-generated Tests › User Journeys › complete wizard flow successfully" classname="generated\wizardinputs.generated.spec.js" time="1.406">
<system-out>
<![CDATA[Testing: complete wizard flow successfully
]]>
</system-out>
</testcase>
<testcase name="WizardInputs - Auto-generated Tests › User Journeys › recover from validation errors gracefully" classname="generated\wizardinputs.generated.spec.js" time="1.431">
<system-out>
<![CDATA[Testing: recover from validation errors gracefully
]]>
</system-out>
</testcase>
<testcase name="WizardInputs - Auto-generated Tests › User Journeys › data persistence across page refresh" classname="generated\wizardinputs.generated.spec.js" time="1.637">
<system-out>
<![CDATA[Testing: data persistence across page refresh
]]>
</system-out>
</testcase>
</testsuite>
<testsuite name="mobile\mobile-specific.spec.js" timestamp="2025-09-21T14:00:33.654Z" hostname="chromium" tests="8" failures="3" skipped="0" time="8.587" errors="0">
<testcase name="Liberty Tax P&amp;L Webapp - Mobile Specific Tests › touch targets are large enough" classname="mobile\mobile-specific.spec.js" time="1.038">
<failure message="mobile-specific.spec.js:9:3 touch targets are large enough" type="FAILURE">
<![CDATA[  [chromium] › mobile\mobile-specific.spec.js:9:3 › Liberty Tax P&L Webapp - Mobile Specific Tests › touch targets are large enough 

    Error: expect(received).toBeGreaterThanOrEqual(expected)

    Expected: >= 44
    Received:    27

      19 |           // Minimum touch target size should be 44x44px (Apple guidelines)
      20 |           expect(box.width).toBeGreaterThanOrEqual(44);
    > 21 |           expect(box.height).toBeGreaterThanOrEqual(44);
         |                              ^
      22 |         }
      23 |       }
      24 |     }
        at D:\Dev\liberty\libertytax-pnl-webapp\test\e2e\mobile\mobile-specific.spec.js:21:30

    attachment #1: screenshot (image/png) ──────────────────────────────────────────────────────────
    ..\..\test-results\mobile-mobile-specific-Lib-3979d-ch-targets-are-large-enough-chromium\test-failed-1.png
    ────────────────────────────────────────────────────────────────────────────────────────────────

    attachment #2: video (video/webm) ──────────────────────────────────────────────────────────────
    ..\..\test-results\mobile-mobile-specific-Lib-3979d-ch-targets-are-large-enough-chromium\video.webm
    ────────────────────────────────────────────────────────────────────────────────────────────────

    Error Context: ..\..\test-results\mobile-mobile-specific-Lib-3979d-ch-targets-are-large-enough-chromium\error-context.md
]]>
</failure>
<system-out>
<![CDATA[
[[ATTACHMENT|test-results\mobile-mobile-specific-Lib-3979d-ch-targets-are-large-enough-chromium\test-failed-1.png]]

[[ATTACHMENT|test-results\mobile-mobile-specific-Lib-3979d-ch-targets-are-large-enough-chromium\video.webm]]

[[ATTACHMENT|test-results\mobile-mobile-specific-Lib-3979d-ch-targets-are-large-enough-chromium\error-context.md]]
]]>
</system-out>
</testcase>
<testcase name="Liberty Tax P&amp;L Webapp - Mobile Specific Tests › mobile keyboard interactions" classname="mobile\mobile-specific.spec.js" time="0.95">
</testcase>
<testcase name="Liberty Tax P&amp;L Webapp - Mobile Specific Tests › viewport meta tag prevents zoom" classname="mobile\mobile-specific.spec.js" time="1.115">
</testcase>
<testcase name="Liberty Tax P&amp;L Webapp - Mobile Specific Tests › orientation change handling" classname="mobile\mobile-specific.spec.js" time="1.394">
<failure message="mobile-specific.spec.js:54:3 orientation change handling" type="FAILURE">
<![CDATA[  [chromium] › mobile\mobile-specific.spec.js:54:3 › Liberty Tax P&L Webapp - Mobile Specific Tests › orientation change handling 

    Error: expect(received).toBeLessThanOrEqual(expected)

    Expected: <= 380
    Received:    565

      62 |     // Check no horizontal scroll in portrait
      63 |     let bodyWidth = await page.evaluate(() => document.body.scrollWidth);
    > 64 |     expect(bodyWidth).toBeLessThanOrEqual(375 + 5);
         |                       ^
      65 |     
      66 |     // Switch to landscape
      67 |     await page.setViewportSize({ width: 667, height: 375 });
        at D:\Dev\liberty\libertytax-pnl-webapp\test\e2e\mobile\mobile-specific.spec.js:64:23

    attachment #1: screenshot (image/png) ──────────────────────────────────────────────────────────
    ..\..\test-results\mobile-mobile-specific-Lib-0ccce-orientation-change-handling-chromium\test-failed-1.png
    ────────────────────────────────────────────────────────────────────────────────────────────────

    attachment #2: video (video/webm) ──────────────────────────────────────────────────────────────
    ..\..\test-results\mobile-mobile-specific-Lib-0ccce-orientation-change-handling-chromium\video.webm
    ────────────────────────────────────────────────────────────────────────────────────────────────

    Error Context: ..\..\test-results\mobile-mobile-specific-Lib-0ccce-orientation-change-handling-chromium\error-context.md
]]>
</failure>
<system-out>
<![CDATA[
[[ATTACHMENT|test-results\mobile-mobile-specific-Lib-0ccce-orientation-change-handling-chromium\test-failed-1.png]]

[[ATTACHMENT|test-results\mobile-mobile-specific-Lib-0ccce-orientation-change-handling-chromium\video.webm]]

[[ATTACHMENT|test-results\mobile-mobile-specific-Lib-0ccce-orientation-change-handling-chromium\error-context.md]]
]]>
</system-out>
</testcase>
<testcase name="Liberty Tax P&amp;L Webapp - Mobile Specific Tests › mobile-specific layout elements" classname="mobile\mobile-specific.spec.js" time="0.702">
</testcase>
<testcase name="Liberty Tax P&amp;L Webapp - Mobile Specific Tests › scroll behavior on mobile" classname="mobile\mobile-specific.spec.js" time="1.1">
<failure message="mobile-specific.spec.js:93:3 scroll behavior on mobile" type="FAILURE">
<![CDATA[  [chromium] › mobile\mobile-specific.spec.js:93:3 › Liberty Tax P&L Webapp - Mobile Specific Tests › scroll behavior on mobile 

    Error: expect(received).toBeLessThanOrEqual(expected)

    Expected: <= 1285
    Received:    1412

      105 |       
      106 |       // Should not have horizontal scroll
    > 107 |       expect(dimensions.scrollWidth).toBeLessThanOrEqual(dimensions.clientWidth + 5);
          |                                      ^
      108 |       
      109 |       // Should be able to scroll vertically if content is tall
      110 |       if (dimensions.scrollHeight > dimensions.clientHeight) {
        at D:\Dev\liberty\libertytax-pnl-webapp\test\e2e\mobile\mobile-specific.spec.js:107:38

    attachment #1: screenshot (image/png) ──────────────────────────────────────────────────────────
    ..\..\test-results\mobile-mobile-specific-Lib-b1e88-s-scroll-behavior-on-mobile-chromium\test-failed-1.png
    ────────────────────────────────────────────────────────────────────────────────────────────────

    attachment #2: video (video/webm) ──────────────────────────────────────────────────────────────
    ..\..\test-results\mobile-mobile-specific-Lib-b1e88-s-scroll-behavior-on-mobile-chromium\video.webm
    ────────────────────────────────────────────────────────────────────────────────────────────────

    Error Context: ..\..\test-results\mobile-mobile-specific-Lib-b1e88-s-scroll-behavior-on-mobile-chromium\error-context.md
]]>
</failure>
<system-out>
<![CDATA[
[[ATTACHMENT|test-results\mobile-mobile-specific-Lib-b1e88-s-scroll-behavior-on-mobile-chromium\test-failed-1.png]]

[[ATTACHMENT|test-results\mobile-mobile-specific-Lib-b1e88-s-scroll-behavior-on-mobile-chromium\video.webm]]

[[ATTACHMENT|test-results\mobile-mobile-specific-Lib-b1e88-s-scroll-behavior-on-mobile-chromium\error-context.md]]
]]>
</system-out>
</testcase>
<testcase name="Liberty Tax P&amp;L Webapp - Mobile Specific Tests › mobile performance - load time" classname="mobile\mobile-specific.spec.js" time="1.537">
</testcase>
<testcase name="Liberty Tax P&amp;L Webapp - Mobile Specific Tests › mobile gestures do not interfere" classname="mobile\mobile-specific.spec.js" time="0.751">
</testcase>
</testsuite>
<testsuite name="mobile\responsive.spec.js" timestamp="2025-09-21T14:00:33.654Z" hostname="chromium" tests="18" failures="15" skipped="0" time="196.268" errors="0">
<testcase name="Mobile Responsiveness › displays correctly on mobile viewports" classname="mobile\responsive.spec.js" time="6.215">
<failure message="responsive.spec.js:8:3 displays correctly on mobile viewports" type="FAILURE">
<![CDATA[  [chromium] › mobile\responsive.spec.js:8:3 › Mobile Responsiveness › displays correctly on mobile viewports 

    Error: expect(locator).toBeVisible() failed

    Locator:  locator('text=Quick Inputs')
    Expected: visible
    Received: <element(s) not found>
    Timeout:  5000ms

    Call log:
      - Expect "toBeVisible" with timeout 5000ms
      - waiting for locator('text=Quick Inputs')


       9 |     // Test main elements are visible
      10 |     await expect(page.locator('text=Liberty Tax • P&L Budget & Forecast')).toBeVisible()
    > 11 |     await expect(page.locator('text=Quick Inputs')).toBeVisible()
         |                                                     ^
      12 |     await expect(page.locator('text=Dashboard')).toBeVisible()
      13 |   })
      14 |
        at D:\Dev\liberty\libertytax-pnl-webapp\test\e2e\mobile\responsive.spec.js:11:53

    attachment #1: screenshot (image/png) ──────────────────────────────────────────────────────────
    ..\..\test-results\mobile-responsive-Mobile-R-deefb-rrectly-on-mobile-viewports-chromium\test-failed-1.png
    ────────────────────────────────────────────────────────────────────────────────────────────────

    attachment #2: video (video/webm) ──────────────────────────────────────────────────────────────
    ..\..\test-results\mobile-responsive-Mobile-R-deefb-rrectly-on-mobile-viewports-chromium\video.webm
    ────────────────────────────────────────────────────────────────────────────────────────────────

    Error Context: ..\..\test-results\mobile-responsive-Mobile-R-deefb-rrectly-on-mobile-viewports-chromium\error-context.md
]]>
</failure>
<system-out>
<![CDATA[
[[ATTACHMENT|test-results\mobile-responsive-Mobile-R-deefb-rrectly-on-mobile-viewports-chromium\test-failed-1.png]]

[[ATTACHMENT|test-results\mobile-responsive-Mobile-R-deefb-rrectly-on-mobile-viewports-chromium\video.webm]]

[[ATTACHMENT|test-results\mobile-responsive-Mobile-R-deefb-rrectly-on-mobile-viewports-chromium\error-context.md]]
]]>
</system-out>
</testcase>
<testcase name="Mobile Responsiveness › region selector is accessible on mobile" classname="mobile\responsive.spec.js" time="1.108">
<failure message="responsive.spec.js:15:3 region selector is accessible on mobile" type="FAILURE">
<![CDATA[  [chromium] › mobile\responsive.spec.js:15:3 › Mobile Responsiveness › region selector is accessible on mobile 

    Error: expect.toBeVisible: Error: strict mode violation: locator('select[aria-label="Region"]') resolved to 2 elements:
        1) <select title="Region" aria-label="Region">…</select> aka locator('div').filter({ hasText: /^USCA$/ }).getByLabel('Region')
        2) <select id="region-select" aria-label="Region" title="Select region">…</select> aka locator('#region-select')

    Call log:
      - Expect "toBeVisible" with timeout 5000ms
      - waiting for locator('select[aria-label="Region"]')


      15 |   test('region selector is accessible on mobile', async ({ page }) => {
      16 |     const regionSelect = page.locator('select[aria-label="Region"]')
    > 17 |     await expect(regionSelect).toBeVisible()
         |                                ^
      18 |     
      19 |     // Should be large enough to tap
      20 |     const box = await regionSelect.boundingBox()
        at D:\Dev\liberty\libertytax-pnl-webapp\test\e2e\mobile\responsive.spec.js:17:32

    attachment #1: screenshot (image/png) ──────────────────────────────────────────────────────────
    ..\..\test-results\mobile-responsive-Mobile-R-2141b-tor-is-accessible-on-mobile-chromium\test-failed-1.png
    ────────────────────────────────────────────────────────────────────────────────────────────────

    attachment #2: video (video/webm) ──────────────────────────────────────────────────────────────
    ..\..\test-results\mobile-responsive-Mobile-R-2141b-tor-is-accessible-on-mobile-chromium\video.webm
    ────────────────────────────────────────────────────────────────────────────────────────────────

    Error Context: ..\..\test-results\mobile-responsive-Mobile-R-2141b-tor-is-accessible-on-mobile-chromium\error-context.md
]]>
</failure>
<system-out>
<![CDATA[
[[ATTACHMENT|test-results\mobile-responsive-Mobile-R-2141b-tor-is-accessible-on-mobile-chromium\test-failed-1.png]]

[[ATTACHMENT|test-results\mobile-responsive-Mobile-R-2141b-tor-is-accessible-on-mobile-chromium\video.webm]]

[[ATTACHMENT|test-results\mobile-responsive-Mobile-R-2141b-tor-is-accessible-on-mobile-chromium\error-context.md]]
]]>
</system-out>
</testcase>
<testcase name="Mobile Responsiveness › input fields are properly sized for mobile" classname="mobile\responsive.spec.js" time="0.756">
</testcase>
<testcase name="Mobile Responsiveness › KPI cards stack vertically on mobile" classname="mobile\responsive.spec.js" time="31.833">
<failure message="responsive.spec.js:39:3 KPI cards stack vertically on mobile" type="FAILURE">
<![CDATA[  [chromium] › mobile\responsive.spec.js:39:3 › Mobile Responsiveness › KPI cards stack vertically on mobile 

    Test timeout of 30000ms exceeded.

    Error: locator.boundingBox: Test timeout of 30000ms exceeded.
    Call log:
      - waiting for locator('.kpi').first()


      42 |     const secondCard = kpiCards.nth(1)
      43 |     
    > 44 |     const firstBox = await firstCard.boundingBox()
         |                                      ^
      45 |     const secondBox = await secondCard.boundingBox()
      46 |     
      47 |     // Second card should be below first card (higher Y position)
        at D:\Dev\liberty\libertytax-pnl-webapp\test\e2e\mobile\responsive.spec.js:44:38

    attachment #1: screenshot (image/png) ──────────────────────────────────────────────────────────
    ..\..\test-results\mobile-responsive-Mobile-R-1fa5d--stack-vertically-on-mobile-chromium\test-failed-1.png
    ────────────────────────────────────────────────────────────────────────────────────────────────

    attachment #2: video (video/webm) ──────────────────────────────────────────────────────────────
    ..\..\test-results\mobile-responsive-Mobile-R-1fa5d--stack-vertically-on-mobile-chromium\video.webm
    ────────────────────────────────────────────────────────────────────────────────────────────────

    Error Context: ..\..\test-results\mobile-responsive-Mobile-R-1fa5d--stack-vertically-on-mobile-chromium\error-context.md
]]>
</failure>
<system-out>
<![CDATA[
[[ATTACHMENT|test-results\mobile-responsive-Mobile-R-1fa5d--stack-vertically-on-mobile-chromium\test-failed-1.png]]

[[ATTACHMENT|test-results\mobile-responsive-Mobile-R-1fa5d--stack-vertically-on-mobile-chromium\video.webm]]

[[ATTACHMENT|test-results\mobile-responsive-Mobile-R-1fa5d--stack-vertically-on-mobile-chromium\error-context.md]]
]]>
</system-out>
</testcase>
<testcase name="Mobile Responsiveness › text is readable on mobile screens" classname="mobile\responsive.spec.js" time="0.923">
</testcase>
<testcase name="Mobile Responsiveness › footer content is accessible on mobile" classname="mobile\responsive.spec.js" time="5.989">
<failure message="responsive.spec.js:65:3 footer content is accessible on mobile" type="FAILURE">
<![CDATA[  [chromium] › mobile\responsive.spec.js:65:3 › Mobile Responsiveness › footer content is accessible on mobile 

    Error: expect(locator).toBeVisible() failed

    Locator:  locator('.footer')
    Expected: visible
    Received: <element(s) not found>
    Timeout:  5000ms

    Call log:
      - Expect "toBeVisible" with timeout 5000ms
      - waiting for locator('.footer')


      65 |   test('footer content is accessible on mobile', async ({ page }) => {
      66 |     const footer = page.locator('.footer')
    > 67 |     await expect(footer).toBeVisible()
         |                          ^
      68 |     
      69 |     // Footer text should be readable
      70 |     const footerText = await footer.textContent()
        at D:\Dev\liberty\libertytax-pnl-webapp\test\e2e\mobile\responsive.spec.js:67:26

    attachment #1: screenshot (image/png) ──────────────────────────────────────────────────────────
    ..\..\test-results\mobile-responsive-Mobile-R-20a59-ent-is-accessible-on-mobile-chromium\test-failed-1.png
    ────────────────────────────────────────────────────────────────────────────────────────────────

    attachment #2: video (video/webm) ──────────────────────────────────────────────────────────────
    ..\..\test-results\mobile-responsive-Mobile-R-20a59-ent-is-accessible-on-mobile-chromium\video.webm
    ────────────────────────────────────────────────────────────────────────────────────────────────

    Error Context: ..\..\test-results\mobile-responsive-Mobile-R-20a59-ent-is-accessible-on-mobile-chromium\error-context.md
]]>
</failure>
<system-out>
<![CDATA[
[[ATTACHMENT|test-results\mobile-responsive-Mobile-R-20a59-ent-is-accessible-on-mobile-chromium\test-failed-1.png]]

[[ATTACHMENT|test-results\mobile-responsive-Mobile-R-20a59-ent-is-accessible-on-mobile-chromium\video.webm]]

[[ATTACHMENT|test-results\mobile-responsive-Mobile-R-20a59-ent-is-accessible-on-mobile-chromium\error-context.md]]
]]>
</system-out>
</testcase>
<testcase name="Touch Interactions › tap to focus inputs works correctly" classname="mobile\responsive.spec.js" time="0.645">
<failure message="responsive.spec.js:80:3 tap to focus inputs works correctly" type="FAILURE">
<![CDATA[  [chromium] › mobile\responsive.spec.js:80:3 › Touch Interactions › tap to focus inputs works correctly 

    Error: locator.tap: The page does not support tap. Use hasTouch context option to enable touch support.

      82 |     
      83 |     // Tap to focus
    > 84 |     await avgNetFeeInput.tap()
         |                          ^
      85 |     await expect(avgNetFeeInput).toBeFocused()
      86 |   })
      87 |
        at D:\Dev\liberty\libertytax-pnl-webapp\test\e2e\mobile\responsive.spec.js:84:26

    attachment #1: screenshot (image/png) ──────────────────────────────────────────────────────────
    ..\..\test-results\mobile-responsive-Touch-In-f2afd-ocus-inputs-works-correctly-chromium\test-failed-1.png
    ────────────────────────────────────────────────────────────────────────────────────────────────

    attachment #2: video (video/webm) ──────────────────────────────────────────────────────────────
    ..\..\test-results\mobile-responsive-Touch-In-f2afd-ocus-inputs-works-correctly-chromium\video.webm
    ────────────────────────────────────────────────────────────────────────────────────────────────

    Error Context: ..\..\test-results\mobile-responsive-Touch-In-f2afd-ocus-inputs-works-correctly-chromium\error-context.md
]]>
</failure>
<system-out>
<![CDATA[
[[ATTACHMENT|test-results\mobile-responsive-Touch-In-f2afd-ocus-inputs-works-correctly-chromium\test-failed-1.png]]

[[ATTACHMENT|test-results\mobile-responsive-Touch-In-f2afd-ocus-inputs-works-correctly-chromium\video.webm]]

[[ATTACHMENT|test-results\mobile-responsive-Touch-In-f2afd-ocus-inputs-works-correctly-chromium\error-context.md]]
]]>
</system-out>
</testcase>
<testcase name="Touch Interactions › tap and hold does not interfere with input" classname="mobile\responsive.spec.js" time="0.729">
<failure message="responsive.spec.js:88:3 tap and hold does not interfere with input" type="FAILURE">
<![CDATA[  [chromium] › mobile\responsive.spec.js:88:3 › Touch Interactions › tap and hold does not interfere with input 

    Error: locator.tap: The page does not support tap. Use hasTouch context option to enable touch support.

      90 |     
      91 |     // Long press should not cause issues
    > 92 |     await avgNetFeeInput.tap({ force: true })
         |                          ^
      93 |     await page.waitForTimeout(1000) // Simulate long press
      94 |     
      95 |     // Should still be able to type
        at D:\Dev\liberty\libertytax-pnl-webapp\test\e2e\mobile\responsive.spec.js:92:26

    attachment #1: screenshot (image/png) ──────────────────────────────────────────────────────────
    ..\..\test-results\mobile-responsive-Touch-In-fbf8d-es-not-interfere-with-input-chromium\test-failed-1.png
    ────────────────────────────────────────────────────────────────────────────────────────────────

    attachment #2: video (video/webm) ──────────────────────────────────────────────────────────────
    ..\..\test-results\mobile-responsive-Touch-In-fbf8d-es-not-interfere-with-input-chromium\video.webm
    ────────────────────────────────────────────────────────────────────────────────────────────────

    Error Context: ..\..\test-results\mobile-responsive-Touch-In-fbf8d-es-not-interfere-with-input-chromium\error-context.md
]]>
</failure>
<system-out>
<![CDATA[
[[ATTACHMENT|test-results\mobile-responsive-Touch-In-fbf8d-es-not-interfere-with-input-chromium\test-failed-1.png]]

[[ATTACHMENT|test-results\mobile-responsive-Touch-In-fbf8d-es-not-interfere-with-input-chromium\video.webm]]

[[ATTACHMENT|test-results\mobile-responsive-Touch-In-fbf8d-es-not-interfere-with-input-chromium\error-context.md]]
]]>
</system-out>
</testcase>
<testcase name="Touch Interactions › select dropdown works with touch" classname="mobile\responsive.spec.js" time="0.74">
<failure message="responsive.spec.js:100:3 select dropdown works with touch" type="FAILURE">
<![CDATA[  [chromium] › mobile\responsive.spec.js:100:3 › Touch Interactions › select dropdown works with touch 

    Error: locator.tap: The page does not support tap. Use hasTouch context option to enable touch support.

      101 |     const regionSelect = page.locator('select[aria-label="Region"]')
      102 |     
    > 103 |     await regionSelect.tap()
          |                        ^
      104 |     await regionSelect.selectOption('CA')
      105 |     
      106 |     await expect(regionSelect).toHaveValue('CA')
        at D:\Dev\liberty\libertytax-pnl-webapp\test\e2e\mobile\responsive.spec.js:103:24

    attachment #1: screenshot (image/png) ──────────────────────────────────────────────────────────
    ..\..\test-results\mobile-responsive-Touch-In-5ec8c-t-dropdown-works-with-touch-chromium\test-failed-1.png
    ────────────────────────────────────────────────────────────────────────────────────────────────

    attachment #2: video (video/webm) ──────────────────────────────────────────────────────────────
    ..\..\test-results\mobile-responsive-Touch-In-5ec8c-t-dropdown-works-with-touch-chromium\video.webm
    ────────────────────────────────────────────────────────────────────────────────────────────────

    Error Context: ..\..\test-results\mobile-responsive-Touch-In-5ec8c-t-dropdown-works-with-touch-chromium\error-context.md
]]>
</failure>
<system-out>
<![CDATA[
[[ATTACHMENT|test-results\mobile-responsive-Touch-In-5ec8c-t-dropdown-works-with-touch-chromium\test-failed-1.png]]

[[ATTACHMENT|test-results\mobile-responsive-Touch-In-5ec8c-t-dropdown-works-with-touch-chromium\video.webm]]

[[ATTACHMENT|test-results\mobile-responsive-Touch-In-5ec8c-t-dropdown-works-with-touch-chromium\error-context.md]]
]]>
</system-out>
</testcase>
<testcase name="Touch Interactions › reset button responds to touch" classname="mobile\responsive.spec.js" time="31.54">
<failure message="responsive.spec.js:109:3 reset button responds to touch" type="FAILURE">
<![CDATA[  [chromium] › mobile\responsive.spec.js:109:3 › Touch Interactions › reset button responds to touch 

    Test timeout of 30000ms exceeded.

    Error: locator.fill: Test timeout of 30000ms exceeded.
    Call log:
      - waiting for locator('input[type="number"]').first()


      112 |     
      113 |     // Change a value
    > 114 |     await avgNetFeeInput.fill('200')
          |                          ^
      115 |     
      116 |     // Tap reset
      117 |     await resetButton.tap()
        at D:\Dev\liberty\libertytax-pnl-webapp\test\e2e\mobile\responsive.spec.js:114:26

    attachment #1: screenshot (image/png) ──────────────────────────────────────────────────────────
    ..\..\test-results\mobile-responsive-Touch-In-6d407-et-button-responds-to-touch-chromium\test-failed-1.png
    ────────────────────────────────────────────────────────────────────────────────────────────────

    attachment #2: video (video/webm) ──────────────────────────────────────────────────────────────
    ..\..\test-results\mobile-responsive-Touch-In-6d407-et-button-responds-to-touch-chromium\video.webm
    ────────────────────────────────────────────────────────────────────────────────────────────────

    Error Context: ..\..\test-results\mobile-responsive-Touch-In-6d407-et-button-responds-to-touch-chromium\error-context.md
]]>
</failure>
<system-out>
<![CDATA[
[[ATTACHMENT|test-results\mobile-responsive-Touch-In-6d407-et-button-responds-to-touch-chromium\test-failed-1.png]]

[[ATTACHMENT|test-results\mobile-responsive-Touch-In-6d407-et-button-responds-to-touch-chromium\video.webm]]

[[ATTACHMENT|test-results\mobile-responsive-Touch-In-6d407-et-button-responds-to-touch-chromium\error-context.md]]
]]>
</system-out>
</testcase>
<testcase name="Mobile Performance › app loads quickly on mobile connections" classname="mobile\responsive.spec.js" time="1.978">
</testcase>
<testcase name="Mobile Performance › calculations remain responsive during rapid input" classname="mobile\responsive.spec.js" time="32.431">
<failure message="responsive.spec.js:140:3 calculations remain responsive during rapid input" type="FAILURE">
<![CDATA[  [chromium] › mobile\responsive.spec.js:140:3 › Mobile Performance › calculations remain responsive during rapid input 

    Test timeout of 30000ms exceeded.

    Error: locator.fill: Test timeout of 30000ms exceeded.
    Call log:
      - waiting for locator('input[type="number"]').first()


      144 |     const values = ['100', '150', '200', '250', '300']
      145 |     for (const value of values) {
    > 146 |       await avgNetFeeInput.fill(value)
          |                            ^
      147 |       await page.waitForTimeout(100) // Brief pause between changes
      148 |     }
      149 |     
        at D:\Dev\liberty\libertytax-pnl-webapp\test\e2e\mobile\responsive.spec.js:146:28

    attachment #1: screenshot (image/png) ──────────────────────────────────────────────────────────
    ..\..\test-results\mobile-responsive-Mobile-P-22aae-sponsive-during-rapid-input-chromium\test-failed-1.png
    ────────────────────────────────────────────────────────────────────────────────────────────────

    attachment #2: video (video/webm) ──────────────────────────────────────────────────────────────
    ..\..\test-results\mobile-responsive-Mobile-P-22aae-sponsive-during-rapid-input-chromium\video.webm
    ────────────────────────────────────────────────────────────────────────────────────────────────
]]>
</failure>
<system-out>
<![CDATA[
[[ATTACHMENT|test-results\mobile-responsive-Mobile-P-22aae-sponsive-during-rapid-input-chromium\test-failed-1.png]]

[[ATTACHMENT|test-results\mobile-responsive-Mobile-P-22aae-sponsive-during-rapid-input-chromium\video.webm]]
]]>
</system-out>
</testcase>
<testcase name="Mobile Specific Features › prevents zoom on input focus (if implemented)" classname="mobile\responsive.spec.js" time="32.476">
<failure message="responsive.spec.js:159:3 prevents zoom on input focus (if implemented)" type="FAILURE">
<![CDATA[  [chromium] › mobile\responsive.spec.js:159:3 › Mobile Specific Features › prevents zoom on input focus (if implemented) 

    Test timeout of 30000ms exceeded.

    Error: locator.getAttribute: Test timeout of 30000ms exceeded.
    Call log:
      - waiting for locator('meta[name="viewport"]')


      160 |     // Check if viewport meta tag prevents zoom
      161 |     const viewportMeta = page.locator('meta[name="viewport"]')
    > 162 |     const content = await viewportMeta.getAttribute('content')
          |                                        ^
      163 |     
      164 |     // This test depends on whether zoom prevention is desired
      165 |     // Some accessibility guidelines recommend allowing zoom
        at D:\Dev\liberty\libertytax-pnl-webapp\test\e2e\mobile\responsive.spec.js:162:40

    attachment #1: screenshot (image/png) ──────────────────────────────────────────────────────────
    ..\..\test-results\mobile-responsive-Mobile-S-ce6d6-input-focus-if-implemented--chromium\test-failed-1.png
    ────────────────────────────────────────────────────────────────────────────────────────────────

    attachment #2: video (video/webm) ──────────────────────────────────────────────────────────────
    ..\..\test-results\mobile-responsive-Mobile-S-ce6d6-input-focus-if-implemented--chromium\video.webm
    ────────────────────────────────────────────────────────────────────────────────────────────────
]]>
</failure>
<system-out>
<![CDATA[
[[ATTACHMENT|test-results\mobile-responsive-Mobile-S-ce6d6-input-focus-if-implemented--chromium\test-failed-1.png]]

[[ATTACHMENT|test-results\mobile-responsive-Mobile-S-ce6d6-input-focus-if-implemented--chromium\video.webm]]
]]>
</system-out>
</testcase>
<testcase name="Mobile Specific Features › handles device orientation changes gracefully" classname="mobile\responsive.spec.js" time="5.54">
<failure message="responsive.spec.js:172:3 handles device orientation changes gracefully" type="FAILURE">
<![CDATA[  [chromium] › mobile\responsive.spec.js:172:3 › Mobile Specific Features › handles device orientation changes gracefully 

    Error: expect(locator).toBeVisible() failed

    Locator:  locator('text=Liberty Tax • P&L Budget & Forecast')
    Expected: visible
    Received: <element(s) not found>
    Timeout:  5000ms

    Call log:
      - Expect "toBeVisible" with timeout 5000ms
      - waiting for locator('text=Liberty Tax • P&L Budget & Forecast')


      173 |     // Start in portrait
      174 |     await page.setViewportSize({ width: 390, height: 844 })
    > 175 |     await expect(page.locator('text=Liberty Tax • P&L Budget & Forecast')).toBeVisible()
          |                                                                            ^
      176 |     
      177 |     // Switch to landscape
      178 |     await page.setViewportSize({ width: 844, height: 390 })
        at D:\Dev\liberty\libertytax-pnl-webapp\test\e2e\mobile\responsive.spec.js:175:76

    attachment #1: screenshot (image/png) ──────────────────────────────────────────────────────────
    ..\..\test-results\mobile-responsive-Mobile-S-d86fe-entation-changes-gracefully-chromium\test-failed-1.png
    ────────────────────────────────────────────────────────────────────────────────────────────────

    attachment #2: video (video/webm) ──────────────────────────────────────────────────────────────
    ..\..\test-results\mobile-responsive-Mobile-S-d86fe-entation-changes-gracefully-chromium\video.webm
    ────────────────────────────────────────────────────────────────────────────────────────────────
]]>
</failure>
<system-out>
<![CDATA[
[...]

    Error: locator.tap: The page does not support tap. Use hasTouch context option to enable touch support.

      90 |     
      91 |     // Long press should not cause issues
    > 92 |     await avgNetFeeInput.tap({ force: true })
         |                          ^
      93 |     await page.waitForTimeout(1000) // Simulate long press
      94 |     
      95 |     // Should still be able to type
        at D:\Dev\liberty\libertytax-pnl-webapp\test\e2e\mobile\responsive.spec.js:92:26

    attachment #1: screenshot (image/png) ──────────────────────────────────────────────────────────
    ..\..\test-results\mobile-responsive-Touch-In-fbf8d-es-not-interfere-with-input-Google-Chrome\test-failed-1.png
    ────────────────────────────────────────────────────────────────────────────────────────────────

    attachment #2: video (video/webm) ──────────────────────────────────────────────────────────────
    ..\..\test-results\mobile-responsive-Touch-In-fbf8d-es-not-interfere-with-input-Google-Chrome\video.webm
    ────────────────────────────────────────────────────────────────────────────────────────────────

    Error Context: ..\..\test-results\mobile-responsive-Touch-In-fbf8d-es-not-interfere-with-input-Google-Chrome\error-context.md
]]>
</failure>
<system-out>
<![CDATA[
[[ATTACHMENT|test-results\mobile-responsive-Touch-In-fbf8d-es-not-interfere-with-input-Google-Chrome\test-failed-1.png]]

[[ATTACHMENT|test-results\mobile-responsive-Touch-In-fbf8d-es-not-interfere-with-input-Google-Chrome\video.webm]]

[[ATTACHMENT|test-results\mobile-responsive-Touch-In-fbf8d-es-not-interfere-with-input-Google-Chrome\error-context.md]]
]]>
</system-out>
</testcase>
<testcase name="Touch Interactions › select dropdown works with touch" classname="mobile\responsive.spec.js" time="1.071">
<failure message="responsive.spec.js:100:3 select dropdown works with touch" type="FAILURE">
<![CDATA[  [Google Chrome] › mobile\responsive.spec.js:100:3 › Touch Interactions › select dropdown works with touch 

    Error: locator.tap: The page does not support tap. Use hasTouch context option to enable touch support.

      101 |     const regionSelect = page.locator('select[aria-label="Region"]')
      102 |     
    > 103 |     await regionSelect.tap()
          |                        ^
      104 |     await regionSelect.selectOption('CA')
      105 |     
      106 |     await expect(regionSelect).toHaveValue('CA')
        at D:\Dev\liberty\libertytax-pnl-webapp\test\e2e\mobile\responsive.spec.js:103:24

    attachment #1: screenshot (image/png) ──────────────────────────────────────────────────────────
    ..\..\test-results\mobile-responsive-Touch-In-5ec8c-t-dropdown-works-with-touch-Google-Chrome\test-failed-1.png
    ────────────────────────────────────────────────────────────────────────────────────────────────

    attachment #2: video (video/webm) ──────────────────────────────────────────────────────────────
    ..\..\test-results\mobile-responsive-Touch-In-5ec8c-t-dropdown-works-with-touch-Google-Chrome\video.webm
    ────────────────────────────────────────────────────────────────────────────────────────────────

    Error Context: ..\..\test-results\mobile-responsive-Touch-In-5ec8c-t-dropdown-works-with-touch-Google-Chrome\error-context.md
]]>
</failure>
<system-out>
<![CDATA[
[[ATTACHMENT|test-results\mobile-responsive-Touch-In-5ec8c-t-dropdown-works-with-touch-Google-Chrome\test-failed-1.png]]

[[ATTACHMENT|test-results\mobile-responsive-Touch-In-5ec8c-t-dropdown-works-with-touch-Google-Chrome\video.webm]]

[[ATTACHMENT|test-results\mobile-responsive-Touch-In-5ec8c-t-dropdown-works-with-touch-Google-Chrome\error-context.md]]
]]>
</system-out>
</testcase>
<testcase name="Touch Interactions › reset button responds to touch" classname="mobile\responsive.spec.js" time="31.475">
<failure message="responsive.spec.js:109:3 reset button responds to touch" type="FAILURE">
<![CDATA[  [Google Chrome] › mobile\responsive.spec.js:109:3 › Touch Interactions › reset button responds to touch 

    Test timeout of 30000ms exceeded.

    Error: locator.fill: Test timeout of 30000ms exceeded.
    Call log:
      - waiting for locator('input[type="number"]').first()


      112 |     
      113 |     // Change a value
    > 114 |     await avgNetFeeInput.fill('200')
          |                          ^
      115 |     
      116 |     // Tap reset
      117 |     await resetButton.tap()
        at D:\Dev\liberty\libertytax-pnl-webapp\test\e2e\mobile\responsive.spec.js:114:26

    attachment #1: screenshot (image/png) ──────────────────────────────────────────────────────────
    ..\..\test-results\mobile-responsive-Touch-In-6d407-et-button-responds-to-touch-Google-Chrome\test-failed-1.png
    ────────────────────────────────────────────────────────────────────────────────────────────────

    attachment #2: video (video/webm) ──────────────────────────────────────────────────────────────
    ..\..\test-results\mobile-responsive-Touch-In-6d407-et-button-responds-to-touch-Google-Chrome\video.webm
    ────────────────────────────────────────────────────────────────────────────────────────────────

    Error Context: ..\..\test-results\mobile-responsive-Touch-In-6d407-et-button-responds-to-touch-Google-Chrome\error-context.md
]]>
</failure>
<system-out>
<![CDATA[
[[ATTACHMENT|test-results\mobile-responsive-Touch-In-6d407-et-button-responds-to-touch-Google-Chrome\test-failed-1.png]]

[[ATTACHMENT|test-results\mobile-responsive-Touch-In-6d407-et-button-responds-to-touch-Google-Chrome\video.webm]]

[[ATTACHMENT|test-results\mobile-responsive-Touch-In-6d407-et-button-responds-to-touch-Google-Chrome\error-context.md]]
]]>
</system-out>
</testcase>
<testcase name="Mobile Performance › app loads quickly on mobile connections" classname="mobile\responsive.spec.js" time="1.886">
</testcase>
<testcase name="Mobile Performance › calculations remain responsive during rapid input" classname="mobile\responsive.spec.js" time="32.193">
<failure message="responsive.spec.js:140:3 calculations remain responsive during rapid input" type="FAILURE">
<![CDATA[  [Google Chrome] › mobile\responsive.spec.js:140:3 › Mobile Performance › calculations remain responsive during rapid input 

    Test timeout of 30000ms exceeded.

    Error: locator.fill: Test timeout of 30000ms exceeded.
    Call log:
      - waiting for locator('input[type="number"]').first()


      144 |     const values = ['100', '150', '200', '250', '300']
      145 |     for (const value of values) {
    > 146 |       await avgNetFeeInput.fill(value)
          |                            ^
      147 |       await page.waitForTimeout(100) // Brief pause between changes
      148 |     }
      149 |     
        at D:\Dev\liberty\libertytax-pnl-webapp\test\e2e\mobile\responsive.spec.js:146:28

    attachment #1: screenshot (image/png) ──────────────────────────────────────────────────────────
    ..\..\test-results\mobile-responsive-Mobile-P-22aae-sponsive-during-rapid-input-Google-Chrome\test-failed-1.png
    ────────────────────────────────────────────────────────────────────────────────────────────────

    attachment #2: video (video/webm) ──────────────────────────────────────────────────────────────
    ..\..\test-results\mobile-responsive-Mobile-P-22aae-sponsive-during-rapid-input-Google-Chrome\video.webm
    ────────────────────────────────────────────────────────────────────────────────────────────────
]]>
</failure>
<system-out>
<![CDATA[
[[ATTACHMENT|test-results\mobile-responsive-Mobile-P-22aae-sponsive-during-rapid-input-Google-Chrome\test-failed-1.png]]

[[ATTACHMENT|test-results\mobile-responsive-Mobile-P-22aae-sponsive-during-rapid-input-Google-Chrome\video.webm]]
]]>
</system-out>
</testcase>
<testcase name="Mobile Specific Features › prevents zoom on input focus (if implemented)" classname="mobile\responsive.spec.js" time="32.116">
<failure message="responsive.spec.js:159:3 prevents zoom on input focus (if implemented)" type="FAILURE">
<![CDATA[  [Google Chrome] › mobile\responsive.spec.js:159:3 › Mobile Specific Features › prevents zoom on input focus (if implemented) 

    Test timeout of 30000ms exceeded.

    Error: locator.getAttribute: Test timeout of 30000ms exceeded.
    Call log:
      - waiting for locator('meta[name="viewport"]')


      160 |     // Check if viewport meta tag prevents zoom
      161 |     const viewportMeta = page.locator('meta[name="viewport"]')
    > 162 |     const content = await viewportMeta.getAttribute('content')
          |                                        ^
      163 |     
      164 |     // This test depends on whether zoom prevention is desired
      165 |     // Some accessibility guidelines recommend allowing zoom
        at D:\Dev\liberty\libertytax-pnl-webapp\test\e2e\mobile\responsive.spec.js:162:40

    attachment #1: screenshot (image/png) ──────────────────────────────────────────────────────────
    ..\..\test-results\mobile-responsive-Mobile-S-ce6d6-input-focus-if-implemented--Google-Chrome\test-failed-1.png
    ────────────────────────────────────────────────────────────────────────────────────────────────

    attachment #2: video (video/webm) ──────────────────────────────────────────────────────────────
    ..\..\test-results\mobile-responsive-Mobile-S-ce6d6-input-focus-if-implemented--Google-Chrome\video.webm
    ────────────────────────────────────────────────────────────────────────────────────────────────
]]>
</failure>
<system-out>
<![CDATA[
[[ATTACHMENT|test-results\mobile-responsive-Mobile-S-ce6d6-input-focus-if-implemented--Google-Chrome\test-failed-1.png]]

[[ATTACHMENT|test-results\mobile-responsive-Mobile-S-ce6d6-input-focus-if-implemented--Google-Chrome\video.webm]]
]]>
</system-out>
</testcase>
<testcase name="Mobile Specific Features › handles device orientation changes gracefully" classname="mobile\responsive.spec.js" time="5.663">
<failure message="responsive.spec.js:172:3 handles device orientation changes gracefully" type="FAILURE">
<![CDATA[  [Google Chrome] › mobile\responsive.spec.js:172:3 › Mobile Specific Features › handles device orientation changes gracefully 

    Error: expect(locator).toBeVisible() failed

    Locator:  locator('text=Liberty Tax • P&L Budget & Forecast')
    Expected: visible
    Received: <element(s) not found>
    Timeout:  5000ms

    Call log:
      - Expect "toBeVisible" with timeout 5000ms
      - waiting for locator('text=Liberty Tax • P&L Budget & Forecast')


      173 |     // Start in portrait
      174 |     await page.setViewportSize({ width: 390, height: 844 })
    > 175 |     await expect(page.locator('text=Liberty Tax • P&L Budget & Forecast')).toBeVisible()
          |                                                                            ^
      176 |     
      177 |     // Switch to landscape
      178 |     await page.setViewportSize({ width: 844, height: 390 })
        at D:\Dev\liberty\libertytax-pnl-webapp\test\e2e\mobile\responsive.spec.js:175:76

    attachment #1: screenshot (image/png) ──────────────────────────────────────────────────────────
    ..\..\test-results\mobile-responsive-Mobile-S-d86fe-entation-changes-gracefully-Google-Chrome\test-failed-1.png
    ────────────────────────────────────────────────────────────────────────────────────────────────

    attachment #2: video (video/webm) ──────────────────────────────────────────────────────────────
    ..\..\test-results\mobile-responsive-Mobile-S-d86fe-entation-changes-gracefully-Google-Chrome\video.webm
    ────────────────────────────────────────────────────────────────────────────────────────────────
]]>
</failure>
<system-out>
<![CDATA[
[[ATTACHMENT|test-results\mobile-responsive-Mobile-S-d86fe-entation-changes-gracefully-Google-Chrome\test-failed-1.png]]

[[ATTACHMENT|test-results\mobile-responsive-Mobile-S-d86fe-entation-changes-gracefully-Google-Chrome\video.webm]]
]]>
</system-out>
</testcase>
<testcase name="Mobile Specific Features › supports dark mode if device prefers it" classname="mobile\responsive.spec.js" time="5.661">
<failure message="responsive.spec.js:186:3 supports dark mode if device prefers it" type="FAILURE">
<![CDATA[  [Google Chrome] › mobile\responsive.spec.js:186:3 › Mobile Specific Features › supports dark mode if device prefers it 

    Error: expect(locator).toBeVisible() failed

    Locator:  locator('text=Liberty Tax • P&L Budget & Forecast')
    Expected: visible
    Received: <element(s) not found>
    Timeout:  5000ms

    Call log:
      - Expect "toBeVisible" with timeout 5000ms
      - waiting for locator('text=Liberty Tax • P&L Budget & Forecast')


      190 |     
      191 |     // App should still function (specific styling tests would go here)
    > 192 |     await expect(page.locator('text=Liberty Tax • P&L Budget & Forecast')).toBeVisible()
          |                                                                            ^
      193 |   })
      194 | })
      195 |
        at D:\Dev\liberty\libertytax-pnl-webapp\test\e2e\mobile\responsive.spec.js:192:76

    attachment #1: screenshot (image/png) ──────────────────────────────────────────────────────────
    ..\..\test-results\mobile-responsive-Mobile-S-e1d63-k-mode-if-device-prefers-it-Google-Chrome\test-failed-1.png
    ────────────────────────────────────────────────────────────────────────────────────────────────

    attachment #2: video (video/webm) ──────────────────────────────────────────────────────────────
    ..\..\test-results\mobile-responsive-Mobile-S-e1d63-k-mode-if-device-prefers-it-Google-Chrome\video.webm
    ────────────────────────────────────────────────────────────────────────────────────────────────
]]>
</failure>
<system-out>
<![CDATA[
[[ATTACHMENT|test-results\mobile-responsive-Mobile-S-e1d63-k-mode-if-device-prefers-it-Google-Chrome\test-failed-1.png]]

[[ATTACHMENT|test-results\mobile-responsive-Mobile-S-e1d63-k-mode-if-device-prefers-it-Google-Chrome\video.webm]]
]]>
</system-out>
</testcase>
<testcase name="Accessibility on Mobile › maintains proper focus management" classname="mobile\responsive.spec.js" time="5.692">
<failure message="responsive.spec.js:197:3 maintains proper focus management" type="FAILURE">
<![CDATA[  [Google Chrome] › mobile\responsive.spec.js:197:3 › Accessibility on Mobile › maintains proper focus management 

    Error: expect(locator).toBeVisible() failed

    Locator:  locator(':focus')
    Expected: visible
    Received: <element(s) not found>
    Timeout:  5000ms

    Call log:
      - Expect "toBeVisible" with timeout 5000ms
      - waiting for locator(':focus')


      199 |     await page.keyboard.press('Tab')
      200 |     const focusedElement = page.locator(':focus')
    > 201 |     await expect(focusedElement).toBeVisible()
          |                                  ^
      202 |   })
      203 |
      204 |   test('form labels work with screen readers', async ({ page }) => {
        at D:\Dev\liberty\libertytax-pnl-webapp\test\e2e\mobile\responsive.spec.js:201:34

    attachment #1: screenshot (image/png) ──────────────────────────────────────────────────────────
    ..\..\test-results\mobile-responsive-Accessib-e6101-ins-proper-focus-management-Google-Chrome\test-failed-1.png
    ────────────────────────────────────────────────────────────────────────────────────────────────

    attachment #2: video (video/webm) ──────────────────────────────────────────────────────────────
    ..\..\test-results\mobile-responsive-Accessib-e6101-ins-proper-focus-management-Google-Chrome\video.webm
    ────────────────────────────────────────────────────────────────────────────────────────────────
]]>
</failure>
<system-out>
<![CDATA[
[[ATTACHMENT|test-results\mobile-responsive-Accessib-e6101-ins-proper-focus-management-Google-Chrome\test-failed-1.png]]

[[ATTACHMENT|test-results\mobile-responsive-Accessib-e6101-ins-proper-focus-management-Google-Chrome\video.webm]]
]]>
</system-out>
</testcase>
<testcase name="Accessibility on Mobile › form labels work with screen readers" classname="mobile\responsive.spec.js" time="31.921">
<failure message="responsive.spec.js:204:3 form labels work with screen readers" type="FAILURE">
<![CDATA[  [Google Chrome] › mobile\responsive.spec.js:204:3 › Accessibility on Mobile › form labels work with screen readers 

    Test timeout of 30000ms exceeded.

    Error: locator.textContent: Test timeout of 30000ms exceeded.
    Call log:
      - waiting for locator('label:has(input[type="number"])').first()


      204 |   test('form labels work with screen readers', async ({ page }) => {
      205 |     const avgNetFeeInput = page.locator('input[type="number"]').first()
    > 206 |     const labelText = await page.locator('label:has(input[type="number"])').first().textContent()
          |                                                                                     ^
      207 |     
      208 |     expect(labelText).toContain('Average Net Fee')
      209 |   })
        at D:\Dev\liberty\libertytax-pnl-webapp\test\e2e\mobile\responsive.spec.js:206:85

    attachment #1: screenshot (image/png) ──────────────────────────────────────────────────────────
    ..\..\test-results\mobile-responsive-Accessib-1b299-ls-work-with-screen-readers-Google-Chrome\test-failed-1.png
    ────────────────────────────────────────────────────────────────────────────────────────────────

    attachment #2: video (video/webm) ──────────────────────────────────────────────────────────────
    ..\..\test-results\mobile-responsive-Accessib-1b299-ls-work-with-screen-readers-Google-Chrome\video.webm
    ────────────────────────────────────────────────────────────────────────────────────────────────
]]>
</failure>
<system-out>
<![CDATA[
[[ATTACHMENT|test-results\mobile-responsive-Accessib-1b299-ls-work-with-screen-readers-Google-Chrome\test-failed-1.png]]

[[ATTACHMENT|test-results\mobile-responsive-Accessib-1b299-ls-work-with-screen-readers-Google-Chrome\video.webm]]
]]>
</system-out>
</testcase>
<testcase name="Accessibility on Mobile › maintains sufficient color contrast" classname="mobile\responsive.spec.js" time="0.407">
<failure message="responsive.spec.js:211:3 maintains sufficient color contrast" type="FAILURE">
<![CDATA[  [Google Chrome] › mobile\responsive.spec.js:211:3 › Accessibility on Mobile › maintains sufficient color contrast 

    Error: expect(received).toBeGreaterThan(expected)

    Expected: > 0
    Received:   0

      215 |     const count = await kpiElements.count()
      216 |     
    > 217 |     expect(count).toBeGreaterThan(0)
          |                   ^
      218 |   })
      219 | })
      220 |
        at D:\Dev\liberty\libertytax-pnl-webapp\test\e2e\mobile\responsive.spec.js:217:19

    attachment #1: screenshot (image/png) ──────────────────────────────────────────────────────────
    ..\..\test-results\mobile-responsive-Accessib-cd55a-s-sufficient-color-contrast-Google-Chrome\test-failed-1.png
    ────────────────────────────────────────────────────────────────────────────────────────────────

    attachment #2: video (video/webm) ──────────────────────────────────────────────────────────────
    ..\..\test-results\mobile-responsive-Accessib-cd55a-s-sufficient-color-contrast-Google-Chrome\video.webm
    ────────────────────────────────────────────────────────────────────────────────────────────────
]]>
</failure>
<system-out>
<![CDATA[
[[ATTACHMENT|test-results\mobile-responsive-Accessib-cd55a-s-sufficient-color-contrast-Google-Chrome\test-failed-1.png]]

[[ATTACHMENT|test-results\mobile-responsive-Accessib-cd55a-s-sufficient-color-contrast-Google-Chrome\video.webm]]
]]>
</system-out>
</testcase>
</testsuite>
<testsuite name="snapshots.spec.ts" timestamp="2025-09-21T14:00:33.654Z" hostname="Google Chrome" tests="1" failures="0" skipped="0" time="5.929" errors="0">
<testcase name="UI Snapshots › capture key screens" classname="snapshots.spec.ts" time="5.929">
</testcase>
</testsuite>
</testsuites>