<<<<<<< HEAD
<testsuites id="" name="" tests="2" failures="2" skipped="0" errors="0" time="69.36926600000001">
<testsuite name="test-header-updates.spec.js" timestamp="2025-09-25T14:25:54.137Z" hostname="chromium" tests="2" failures="2" skipped="0" time="48.523" errors="0">
<testcase name="Header Updates from Quick Start Wizard â€º should update header when Quick Start Wizard values change" classname="test-header-updates.spec.js" time="30.519">
<failure message="test-header-updates.spec.js:5:3 should update header when Quick Start Wizard values change" type="FAILURE">
<![CDATA[  [chromium] â€º test-header-updates.spec.js:5:3 â€º Header Updates from Quick Start Wizard â€º should update header when Quick Start Wizard values change 

    Test timeout of 30000ms exceeded.

    Error: locator.textContent: Test timeout of 30000ms exceeded.
    Call log:
      - waiting for locator('.small.text-xs').nth(1)


      14 |     
      15 |     // Check initial header values
    > 16 |     const headerText = await page.locator('.small.text-xs').nth(1).textContent();
         |                                                                    ^
      17 |     console.log('ðŸ“Š Initial header text:', headerText);
      18 |     
      19 |     // Change Quick Start Wizard selections
        at E:\dev\libertytax-pnl-webapp\test\e2e\test-header-updates.spec.js:16:68

    attachment #1: screenshot (image/png) â”€â”€â”€â”€â”€â”€â”€â”€â”€â”€â”€â”€â”€â”€â”€â”€â”€â”€â”€â”€â”€â”€â”€â”€â”€â”€â”€â”€â”€â”€â”€â”€â”€â”€â”€â”€â”€â”€â”€â”€â”€â”€â”€â”€â”€â”€â”€â”€â”€â”€â”€â”€â”€â”€â”€â”€â”€â”€
    ..\..\test-results\test-header-updates-Header-6a9b7--Start-Wizard-values-change-chromium\test-failed-1.png
    â”€â”€â”€â”€â”€â”€â”€â”€â”€â”€â”€â”€â”€â”€â”€â”€â”€â”€â”€â”€â”€â”€â”€â”€â”€â”€â”€â”€â”€â”€â”€â”€â”€â”€â”€â”€â”€â”€â”€â”€â”€â”€â”€â”€â”€â”€â”€â”€â”€â”€â”€â”€â”€â”€â”€â”€â”€â”€â”€â”€â”€â”€â”€â”€â”€â”€â”€â”€â”€â”€â”€â”€â”€â”€â”€â”€â”€â”€â”€â”€â”€â”€â”€â”€â”€â”€â”€â”€â”€â”€â”€â”€â”€â”€â”€â”€

    attachment #2: video (video/webm) â”€â”€â”€â”€â”€â”€â”€â”€â”€â”€â”€â”€â”€â”€â”€â”€â”€â”€â”€â”€â”€â”€â”€â”€â”€â”€â”€â”€â”€â”€â”€â”€â”€â”€â”€â”€â”€â”€â”€â”€â”€â”€â”€â”€â”€â”€â”€â”€â”€â”€â”€â”€â”€â”€â”€â”€â”€â”€â”€â”€â”€â”€
    ..\..\test-results\test-header-updates-Header-6a9b7--Start-Wizard-values-change-chromium\video.webm
    â”€â”€â”€â”€â”€â”€â”€â”€â”€â”€â”€â”€â”€â”€â”€â”€â”€â”€â”€â”€â”€â”€â”€â”€â”€â”€â”€â”€â”€â”€â”€â”€â”€â”€â”€â”€â”€â”€â”€â”€â”€â”€â”€â”€â”€â”€â”€â”€â”€â”€â”€â”€â”€â”€â”€â”€â”€â”€â”€â”€â”€â”€â”€â”€â”€â”€â”€â”€â”€â”€â”€â”€â”€â”€â”€â”€â”€â”€â”€â”€â”€â”€â”€â”€â”€â”€â”€â”€â”€â”€â”€â”€â”€â”€â”€â”€

    Error Context: ..\..\test-results\test-header-updates-Header-6a9b7--Start-Wizard-values-change-chromium\error-context.md
]]>
</failure>
<system-out>
<![CDATA[ðŸ” Starting header update test...

[[ATTACHMENT|test-results\test-header-updates-Header-6a9b7--Start-Wizard-values-change-chromium\test-failed-1.png]]

[[ATTACHMENT|test-results\test-header-updates-Header-6a9b7--Start-Wizard-values-change-chromium\video.webm]]

[[ATTACHMENT|test-results\test-header-updates-Header-6a9b7--Start-Wizard-values-change-chromium\error-context.md]]
]]>
</system-out>
</testcase>
<testcase name="Header Updates from Quick Start Wizard â€º should navigate correctly between pages" classname="test-header-updates.spec.js" time="18.004">
<failure message="test-header-updates.spec.js:53:3 should navigate correctly between pages" type="FAILURE">
<![CDATA[  [chromium] â€º test-header-updates.spec.js:53:3 â€º Header Updates from Quick Start Wizard â€º should navigate correctly between pages 

    Error: locator.click: Error: strict mode violation: locator('button:has-text("Expenses")') resolved to 2 elements:
        1) <button title="Expenses" class="btn btn--nav" _ngcontent-ng-c1660371727="">Expenses</button> aka getByTitle('Expenses', { exact: true })
        2) <button class="btn btn--nav" _ngcontent-ng-c3182879400="">Expenses</button> aka getByRole('contentinfo').getByRole('button', { name: 'Expenses' })

    Call log:
      - waiting for locator('button:has-text("Expenses")')


      59 |     // Test expenses navigation
      60 |     console.log('ðŸ”„ Clicking Expenses button...');
    > 61 |     await page.locator('button:has-text("Expenses")').click();
         |                                                       ^
      62 |     await page.waitForTimeout(2000);
      63 |     
      64 |     const expensesUrl = page.url();
        at E:\dev\libertytax-pnl-webapp\test\e2e\test-header-updates.spec.js:61:55

    attachment #1: screenshot (image/png) â”€â”€â”€â”€â”€â”€â”€â”€â”€â”€â”€â”€â”€â”€â”€â”€â”€â”€â”€â”€â”€â”€â”€â”€â”€â”€â”€â”€â”€â”€â”€â”€â”€â”€â”€â”€â”€â”€â”€â”€â”€â”€â”€â”€â”€â”€â”€â”€â”€â”€â”€â”€â”€â”€â”€â”€â”€â”€
    ..\..\test-results\test-header-updates-Header-519d9-ate-correctly-between-pages-chromium\test-failed-1.png
    â”€â”€â”€â”€â”€â”€â”€â”€â”€â”€â”€â”€â”€â”€â”€â”€â”€â”€â”€â”€â”€â”€â”€â”€â”€â”€â”€â”€â”€â”€â”€â”€â”€â”€â”€â”€â”€â”€â”€â”€â”€â”€â”€â”€â”€â”€â”€â”€â”€â”€â”€â”€â”€â”€â”€â”€â”€â”€â”€â”€â”€â”€â”€â”€â”€â”€â”€â”€â”€â”€â”€â”€â”€â”€â”€â”€â”€â”€â”€â”€â”€â”€â”€â”€â”€â”€â”€â”€â”€â”€â”€â”€â”€â”€â”€â”€

    attachment #2: video (video/webm) â”€â”€â”€â”€â”€â”€â”€â”€â”€â”€â”€â”€â”€â”€â”€â”€â”€â”€â”€â”€â”€â”€â”€â”€â”€â”€â”€â”€â”€â”€â”€â”€â”€â”€â”€â”€â”€â”€â”€â”€â”€â”€â”€â”€â”€â”€â”€â”€â”€â”€â”€â”€â”€â”€â”€â”€â”€â”€â”€â”€â”€â”€
    ..\..\test-results\test-header-updates-Header-519d9-ate-correctly-between-pages-chromium\video.webm
    â”€â”€â”€â”€â”€â”€â”€â”€â”€â”€â”€â”€â”€â”€â”€â”€â”€â”€â”€â”€â”€â”€â”€â”€â”€â”€â”€â”€â”€â”€â”€â”€â”€â”€â”€â”€â”€â”€â”€â”€â”€â”€â”€â”€â”€â”€â”€â”€â”€â”€â”€â”€â”€â”€â”€â”€â”€â”€â”€â”€â”€â”€â”€â”€â”€â”€â”€â”€â”€â”€â”€â”€â”€â”€â”€â”€â”€â”€â”€â”€â”€â”€â”€â”€â”€â”€â”€â”€â”€â”€â”€â”€â”€â”€â”€â”€

    Error Context: ..\..\test-results\test-header-updates-Header-519d9-ate-correctly-between-pages-chromium\error-context.md
]]>
</failure>
<system-out>
<![CDATA[ðŸ” Starting navigation test...
ðŸ”„ Clicking Expenses button...

[[ATTACHMENT|test-results\test-header-updates-Header-519d9-ate-correctly-between-pages-chromium\test-failed-1.png]]

[[ATTACHMENT|test-results\test-header-updates-Header-519d9-ate-correctly-between-pages-chromium\video.webm]]

[[ATTACHMENT|test-results\test-header-updates-Header-519d9-ate-correctly-between-pages-chromium\error-context.md]]
=======
<testsuites id="" name="" tests="1" failures="1" skipped="0" errors="0" time="11.191167">
<testsuite name="mobile\responsive.spec.js" timestamp="2025-09-13T15:38:17.130Z" hostname="chromium" tests="1" failures="1" skipped="0" time="5.762" errors="0">
<testcase name="Mobile Responsiveness â€º displays correctly on mobile viewports" classname="mobile\responsive.spec.js" time="5.762">
<failure message="responsive.spec.js:8:3 displays correctly on mobile viewports" type="FAILURE">
<![CDATA[  [chromium] â€º mobile\responsive.spec.js:8:3 â€º Mobile Responsiveness â€º displays correctly on mobile viewports 

    Error: expect(locator).toBeVisible() failed

    Locator:  locator('h1, h2, h3').filter({ hasText: 'P&L Budget & Forecast' }).first()
    Expected: visible
    Received: <element(s) not found>
    Timeout:  5000ms

    Call log:
      - Expect "toBeVisible" with timeout 5000ms
      - waiting for locator('h1, h2, h3').filter({ hasText: 'P&L Budget & Forecast' }).first()


       8 |   test('displays correctly on mobile viewports', async ({ page }) => {
       9 |     // Test main elements are visible - use more specific selectors
    > 10 |     await expect(page.locator('h1, h2, h3').filter({ hasText: 'P&L Budget & Forecast' }).first()).toBeVisible()
         |                                                                                                   ^
      11 |     await expect(page.locator('button').filter({ hasText: /setup wizard|wizard/i }).first()).toBeVisible()
      12 |     await expect(page.locator('button').filter({ hasText: /dashboard/i }).first()).toBeVisible()
      13 |   })
        at D:\Dev\liberty\libertytax-pnl-webapp\tests\mobile\responsive.spec.js:10:99

    attachment #1: screenshot (image/png) â”€â”€â”€â”€â”€â”€â”€â”€â”€â”€â”€â”€â”€â”€â”€â”€â”€â”€â”€â”€â”€â”€â”€â”€â”€â”€â”€â”€â”€â”€â”€â”€â”€â”€â”€â”€â”€â”€â”€â”€â”€â”€â”€â”€â”€â”€â”€â”€â”€â”€â”€â”€â”€â”€â”€â”€â”€â”€
    ..\test-results\mobile-responsive-Mobile-R-deefb-rrectly-on-mobile-viewports-chromium\test-failed-1.png
    â”€â”€â”€â”€â”€â”€â”€â”€â”€â”€â”€â”€â”€â”€â”€â”€â”€â”€â”€â”€â”€â”€â”€â”€â”€â”€â”€â”€â”€â”€â”€â”€â”€â”€â”€â”€â”€â”€â”€â”€â”€â”€â”€â”€â”€â”€â”€â”€â”€â”€â”€â”€â”€â”€â”€â”€â”€â”€â”€â”€â”€â”€â”€â”€â”€â”€â”€â”€â”€â”€â”€â”€â”€â”€â”€â”€â”€â”€â”€â”€â”€â”€â”€â”€â”€â”€â”€â”€â”€â”€â”€â”€â”€â”€â”€â”€

    attachment #2: video (video/webm) â”€â”€â”€â”€â”€â”€â”€â”€â”€â”€â”€â”€â”€â”€â”€â”€â”€â”€â”€â”€â”€â”€â”€â”€â”€â”€â”€â”€â”€â”€â”€â”€â”€â”€â”€â”€â”€â”€â”€â”€â”€â”€â”€â”€â”€â”€â”€â”€â”€â”€â”€â”€â”€â”€â”€â”€â”€â”€â”€â”€â”€â”€
    ..\test-results\mobile-responsive-Mobile-R-deefb-rrectly-on-mobile-viewports-chromium\video.webm
    â”€â”€â”€â”€â”€â”€â”€â”€â”€â”€â”€â”€â”€â”€â”€â”€â”€â”€â”€â”€â”€â”€â”€â”€â”€â”€â”€â”€â”€â”€â”€â”€â”€â”€â”€â”€â”€â”€â”€â”€â”€â”€â”€â”€â”€â”€â”€â”€â”€â”€â”€â”€â”€â”€â”€â”€â”€â”€â”€â”€â”€â”€â”€â”€â”€â”€â”€â”€â”€â”€â”€â”€â”€â”€â”€â”€â”€â”€â”€â”€â”€â”€â”€â”€â”€â”€â”€â”€â”€â”€â”€â”€â”€â”€â”€â”€

    Error Context: ..\test-results\mobile-responsive-Mobile-R-deefb-rrectly-on-mobile-viewports-chromium\error-context.md
]]>
</failure>
<system-out>
<![CDATA[
[[ATTACHMENT|test-results\mobile-responsive-Mobile-R-deefb-rrectly-on-mobile-viewports-chromium\test-failed-1.png]]

[[ATTACHMENT|test-results\mobile-responsive-Mobile-R-deefb-rrectly-on-mobile-viewports-chromium\video.webm]]

[[ATTACHMENT|test-results\mobile-responsive-Mobile-R-deefb-rrectly-on-mobile-viewports-chromium\error-context.md]]
>>>>>>> origin/cursor/enhance-github-testing-and-virtual-team-4d10_archive
]]>
</system-out>
</testcase>
</testsuite>
</testsuites>